{"C:\\Users\\Manuka Honey\\Desktop\\timeing-box\\src\\hooks\\useAsyncStorage.ts": {"path":"C:\\Users\\Manuka Honey\\Desktop\\timeing-box\\src\\hooks\\useAsyncStorage.ts","statementMap":{"0":{"start":{"line":5,"column":28},"end":{"line":5,"column":53}},"1":{"start":{"line":6,"column":32},"end":{"line":6,"column":46}},"2":{"start":{"line":8,"column":2},"end":{"line":23,"column":12}},"3":{"start":{"line":9,"column":22},"end":{"line":20,"column":5}},"4":{"start":{"line":10,"column":6},"end":{"line":19,"column":7}},"5":{"start":{"line":11,"column":23},"end":{"line":11,"column":54}},"6":{"start":{"line":12,"column":8},"end":{"line":14,"column":9}},"7":{"start":{"line":13,"column":10},"end":{"line":13,"column":39}},"8":{"start":{"line":16,"column":8},"end":{"line":16,"column":65}},"9":{"start":{"line":18,"column":8},"end":{"line":18,"column":26}},"10":{"start":{"line":22,"column":4},"end":{"line":22,"column":16}},"11":{"start":{"line":25,"column":22},"end":{"line":32,"column":3}},"12":{"start":{"line":26,"column":4},"end":{"line":31,"column":5}},"13":{"start":{"line":27,"column":6},"end":{"line":27,"column":25}},"14":{"start":{"line":28,"column":6},"end":{"line":28,"column":64}},"15":{"start":{"line":30,"column":6},"end":{"line":30,"column":60}},"16":{"start":{"line":34,"column":2},"end":{"line":34,"column":41}}},"fnMap":{"0":{"name":"useAsyncStorage","decl":{"start":{"line":4,"column":16},"end":{"line":4,"column":31}},"loc":{"start":{"line":4,"column":65},"end":{"line":35,"column":1}},"line":4},"1":{"name":"(anonymous_1)","decl":{"start":{"line":8,"column":12},"end":{"line":8,"column":13}},"loc":{"start":{"line":8,"column":18},"end":{"line":23,"column":3}},"line":8},"2":{"name":"(anonymous_2)","decl":{"start":{"line":9,"column":22},"end":{"line":9,"column":23}},"loc":{"start":{"line":9,"column":34},"end":{"line":20,"column":5}},"line":9},"3":{"name":"(anonymous_3)","decl":{"start":{"line":25,"column":22},"end":{"line":25,"column":23}},"loc":{"start":{"line":25,"column":45},"end":{"line":32,"column":3}},"line":25}},"branchMap":{"0":{"loc":{"start":{"line":12,"column":8},"end":{"line":14,"column":9}},"type":"if","locations":[{"start":{"line":12,"column":8},"end":{"line":14,"column":9}},{"start":{},"end":{}}],"line":12}},"s":{"0":0,"1":0,"2":0,"3":0,"4":0,"5":0,"6":0,"7":0,"8":0,"9":0,"10":0,"11":0,"12":0,"13":0,"14":0,"15":0,"16":0},"f":{"0":0,"1":0,"2":0,"3":0},"b":{"0":[0,0]}}
,"C:\\Users\\Manuka Honey\\Desktop\\timeing-box\\src\\hooks\\useEnhancedStorage.ts": {"path":"C:\\Users\\Manuka Honey\\Desktop\\timeing-box\\src\\hooks\\useEnhancedStorage.ts","statementMap":{"0":{"start":{"line":13,"column":28},"end":{"line":13,"column":53}},"1":{"start":{"line":14,"column":32},"end":{"line":14,"column":46}},"2":{"start":{"line":15,"column":28},"end":{"line":15,"column":57}},"3":{"start":{"line":17,"column":28},"end":{"line":17,"column":55}},"4":{"start":{"line":18,"column":23},"end":{"line":18,"column":35}},"5":{"start":{"line":21,"column":2},"end":{"line":28,"column":12}},"6":{"start":{"line":22,"column":4},"end":{"line":22,"column":67}},"7":{"start":{"line":24,"column":4},"end":{"line":27,"column":6}},"8":{"start":{"line":25,"column":6},"end":{"line":25,"column":35}},"9":{"start":{"line":26,"column":6},"end":{"line":26,"column":43}},"10":{"start":{"line":31,"column":2},"end":{"line":58,"column":26}},"11":{"start":{"line":32,"column":21},"end":{"line":53,"column":5}},"12":{"start":{"line":33,"column":6},"end":{"line":52,"column":7}},"13":{"start":{"line":34,"column":8},"end":{"line":34,"column":25}},"14":{"start":{"line":35,"column":8},"end":{"line":35,"column":23}},"15":{"start":{"line":37,"column":28},"end":{"line":37,"column":79}},"16":{"start":{"line":38,"column":8},"end":{"line":40,"column":9}},"17":{"start":{"line":39,"column":10},"end":{"line":39,"column":32}},"18":{"start":{"line":42,"column":29},"end":{"line":42,"column":57}},"19":{"start":{"line":43,"column":8},"end":{"line":43,"column":36}},"20":{"start":{"line":44,"column":8},"end":{"line":47,"column":9}},"21":{"start":{"line":45,"column":10},"end":{"line":45,"column":33}},"22":{"start":{"line":46,"column":10},"end":{"line":46,"column":33}},"23":{"start":{"line":49,"column":8},"end":{"line":51,"column":9}},"24":{"start":{"line":50,"column":10},"end":{"line":50,"column":28}},"25":{"start":{"line":55,"column":4},"end":{"line":57,"column":5}},"26":{"start":{"line":56,"column":6},"end":{"line":56,"column":17}},"27":{"start":{"line":63,"column":22},"end":{"line":79,"column":8}},"28":{"start":{"line":64,"column":4},"end":{"line":78,"column":5}},"29":{"start":{"line":65,"column":6},"end":{"line":65,"column":21}},"30":{"start":{"line":66,"column":6},"end":{"line":66,"column":25}},"31":{"start":{"line":68,"column":6},"end":{"line":72,"column":7}},"32":{"start":{"line":69,"column":8},"end":{"line":69,"column":56}},"33":{"start":{"line":71,"column":8},"end":{"line":71,"column":59}},"34":{"start":{"line":74,"column":27},"end":{"line":74,"column":54}},"35":{"start":{"line":75,"column":6},"end":{"line":75,"column":34}},"36":{"start":{"line":76,"column":6},"end":{"line":76,"column":29}},"37":{"start":{"line":77,"column":6},"end":{"line":77,"column":16}},"38":{"start":{"line":84,"column":16},"end":{"line":90,"column":8}},"39":{"start":{"line":85,"column":4},"end":{"line":89,"column":5}},"40":{"start":{"line":86,"column":6},"end":{"line":86,"column":47}},"41":{"start":{"line":88,"column":6},"end":{"line":88,"column":52}},"42":{"start":{"line":95,"column":23},"end":{"line":106,"column":8}},"43":{"start":{"line":96,"column":4},"end":{"line":105,"column":5}},"44":{"start":{"line":97,"column":6},"end":{"line":97,"column":21}},"45":{"start":{"line":98,"column":24},"end":{"line":98,"column":82}},"46":{"start":{"line":99,"column":6},"end":{"line":99,"column":31}},"47":{"start":{"line":101,"column":27},"end":{"line":101,"column":58}},"48":{"start":{"line":102,"column":6},"end":{"line":102,"column":34}},"49":{"start":{"line":103,"column":6},"end":{"line":103,"column":29}},"50":{"start":{"line":104,"column":6},"end":{"line":104,"column":18}},"51":{"start":{"line":111,"column":28},"end":{"line":126,"column":8}},"52":{"start":{"line":112,"column":4},"end":{"line":125,"column":5}},"53":{"start":{"line":113,"column":6},"end":{"line":113,"column":21}},"54":{"start":{"line":114,"column":27},"end":{"line":114,"column":88}},"55":{"start":{"line":115,"column":6},"end":{"line":118,"column":7}},"56":{"start":{"line":116,"column":8},"end":{"line":116,"column":31}},"57":{"start":{"line":117,"column":8},"end":{"line":117,"column":20}},"58":{"start":{"line":119,"column":6},"end":{"line":119,"column":19}},"59":{"start":{"line":121,"column":27},"end":{"line":121,"column":59}},"60":{"start":{"line":122,"column":6},"end":{"line":122,"column":34}},"61":{"start":{"line":123,"column":6},"end":{"line":123,"column":29}},"62":{"start":{"line":124,"column":6},"end":{"line":124,"column":19}},"63":{"start":{"line":131,"column":21},"end":{"line":138,"column":8}},"64":{"start":{"line":132,"column":4},"end":{"line":137,"column":5}},"65":{"start":{"line":133,"column":6},"end":{"line":133,"column":65}},"66":{"start":{"line":135,"column":6},"end":{"line":135,"column":51}},"67":{"start":{"line":136,"column":6},"end":{"line":136,"column":16}},"68":{"start":{"line":143,"column":23},"end":{"line":151,"column":8}},"69":{"start":{"line":144,"column":4},"end":{"line":150,"column":5}},"70":{"start":{"line":145,"column":6},"end":{"line":145,"column":63}},"71":{"start":{"line":146,"column":6},"end":{"line":146,"column":18}},"72":{"start":{"line":148,"column":6},"end":{"line":148,"column":51}},"73":{"start":{"line":149,"column":6},"end":{"line":149,"column":19}},"74":{"start":{"line":156,"column":23},"end":{"line":170,"column":20}},"75":{"start":{"line":157,"column":4},"end":{"line":169,"column":5}},"76":{"start":{"line":158,"column":6},"end":{"line":158,"column":21}},"77":{"start":{"line":159,"column":6},"end":{"line":159,"column":47}},"78":{"start":{"line":160,"column":6},"end":{"line":162,"column":7}},"79":{"start":{"line":161,"column":8},"end":{"line":161,"column":31}},"80":{"start":{"line":163,"column":6},"end":{"line":163,"column":18}},"81":{"start":{"line":165,"column":27},"end":{"line":165,"column":56}},"82":{"start":{"line":166,"column":6},"end":{"line":166,"column":34}},"83":{"start":{"line":167,"column":6},"end":{"line":167,"column":29}},"84":{"start":{"line":168,"column":6},"end":{"line":168,"column":19}},"85":{"start":{"line":175,"column":25},"end":{"line":192,"column":8}},"86":{"start":{"line":176,"column":4},"end":{"line":191,"column":5}},"87":{"start":{"line":177,"column":6},"end":{"line":182,"column":8}},"88":{"start":{"line":184,"column":6},"end":{"line":184,"column":56}},"89":{"start":{"line":185,"column":6},"end":{"line":190,"column":8}},"90":{"start":{"line":194,"column":2},"end":{"line":213,"column":4}}},"fnMap":{"0":{"name":"useEnhancedStorage","decl":{"start":{"line":8,"column":16},"end":{"line":8,"column":34}},"loc":{"start":{"line":12,"column":2},"end":{"line":214,"column":1}},"line":12},"1":{"name":"(anonymous_1)","decl":{"start":{"line":21,"column":12},"end":{"line":21,"column":13}},"loc":{"start":{"line":21,"column":18},"end":{"line":28,"column":3}},"line":21},"2":{"name":"(anonymous_2)","decl":{"start":{"line":24,"column":11},"end":{"line":24,"column":12}},"loc":{"start":{"line":24,"column":17},"end":{"line":27,"column":5}},"line":24},"3":{"name":"(anonymous_3)","decl":{"start":{"line":31,"column":12},"end":{"line":31,"column":13}},"loc":{"start":{"line":31,"column":18},"end":{"line":58,"column":3}},"line":31},"4":{"name":"(anonymous_4)","decl":{"start":{"line":32,"column":21},"end":{"line":32,"column":22}},"loc":{"start":{"line":32,"column":33},"end":{"line":53,"column":5}},"line":32},"5":{"name":"(anonymous_5)","decl":{"start":{"line":63,"column":34},"end":{"line":63,"column":35}},"loc":{"start":{"line":63,"column":96},"end":{"line":79,"column":3}},"line":63},"6":{"name":"(anonymous_6)","decl":{"start":{"line":84,"column":28},"end":{"line":84,"column":29}},"loc":{"start":{"line":84,"column":40},"end":{"line":90,"column":3}},"line":84},"7":{"name":"(anonymous_7)","decl":{"start":{"line":95,"column":35},"end":{"line":95,"column":36}},"loc":{"start":{"line":95,"column":91},"end":{"line":106,"column":3}},"line":95},"8":{"name":"(anonymous_8)","decl":{"start":{"line":111,"column":40},"end":{"line":111,"column":41}},"loc":{"start":{"line":111,"column":87},"end":{"line":126,"column":3}},"line":111},"9":{"name":"(anonymous_9)","decl":{"start":{"line":131,"column":33},"end":{"line":131,"column":34}},"loc":{"start":{"line":131,"column":104},"end":{"line":138,"column":3}},"line":131},"10":{"name":"(anonymous_10)","decl":{"start":{"line":143,"column":35},"end":{"line":143,"column":36}},"loc":{"start":{"line":143,"column":82},"end":{"line":151,"column":3}},"line":143},"11":{"name":"(anonymous_11)","decl":{"start":{"line":156,"column":35},"end":{"line":156,"column":36}},"loc":{"start":{"line":156,"column":65},"end":{"line":170,"column":3}},"line":156},"12":{"name":"(anonymous_12)","decl":{"start":{"line":175,"column":37},"end":{"line":175,"column":38}},"loc":{"start":{"line":175,"column":49},"end":{"line":192,"column":3}},"line":175}},"branchMap":{"0":{"loc":{"start":{"line":38,"column":8},"end":{"line":40,"column":9}},"type":"if","locations":[{"start":{"line":38,"column":8},"end":{"line":40,"column":9}},{"start":{},"end":{}}],"line":38},"1":{"loc":{"start":{"line":38,"column":12},"end":{"line":38,"column":61}},"type":"binary-expr","locations":[{"start":{"line":38,"column":12},"end":{"line":38,"column":32}},{"start":{"line":38,"column":36},"end":{"line":38,"column":61}}],"line":38},"2":{"loc":{"start":{"line":44,"column":8},"end":{"line":47,"column":9}},"type":"if","locations":[{"start":{"line":44,"column":8},"end":{"line":47,"column":9}},{"start":{},"end":{}}],"line":44},"3":{"loc":{"start":{"line":49,"column":8},"end":{"line":51,"column":9}},"type":"if","locations":[{"start":{"line":49,"column":8},"end":{"line":51,"column":9}},{"start":{},"end":{}}],"line":49},"4":{"loc":{"start":{"line":55,"column":4},"end":{"line":57,"column":5}},"type":"if","locations":[{"start":{"line":55,"column":4},"end":{"line":57,"column":5}},{"start":{},"end":{}}],"line":55},"5":{"loc":{"start":{"line":63,"column":54},"end":{"line":63,"column":91}},"type":"default-arg","locations":[{"start":{"line":63,"column":89},"end":{"line":63,"column":91}}],"line":63},"6":{"loc":{"start":{"line":68,"column":6},"end":{"line":72,"column":7}},"type":"if","locations":[{"start":{"line":68,"column":6},"end":{"line":72,"column":7}},{"start":{"line":70,"column":13},"end":{"line":72,"column":7}}],"line":68},"7":{"loc":{"start":{"line":99,"column":13},"end":{"line":99,"column":30}},"type":"binary-expr","locations":[{"start":{"line":99,"column":13},"end":{"line":99,"column":22}},{"start":{"line":99,"column":26},"end":{"line":99,"column":30}}],"line":99},"8":{"loc":{"start":{"line":115,"column":6},"end":{"line":118,"column":7}},"type":"if","locations":[{"start":{"line":115,"column":6},"end":{"line":118,"column":7}},{"start":{},"end":{}}],"line":115},"9":{"loc":{"start":{"line":115,"column":10},"end":{"line":115,"column":60}},"type":"binary-expr","locations":[{"start":{"line":115,"column":10},"end":{"line":115,"column":36}},{"start":{"line":115,"column":40},"end":{"line":115,"column":60}}],"line":115},"10":{"loc":{"start":{"line":133,"column":13},"end":{"line":133,"column":64}},"type":"binary-expr","locations":[{"start":{"line":133,"column":13},"end":{"line":133,"column":58}},{"start":{"line":133,"column":62},"end":{"line":133,"column":64}}],"line":133},"11":{"loc":{"start":{"line":160,"column":6},"end":{"line":162,"column":7}},"type":"if","locations":[{"start":{"line":160,"column":6},"end":{"line":162,"column":7}},{"start":{},"end":{}}],"line":160},"12":{"loc":{"start":{"line":177,"column":13},"end":{"line":182,"column":7}},"type":"binary-expr","locations":[{"start":{"line":177,"column":13},"end":{"line":177,"column":62}},{"start":{"line":177,"column":66},"end":{"line":182,"column":7}}],"line":177}},"s":{"0":0,"1":0,"2":0,"3":0,"4":0,"5":0,"6":0,"7":0,"8":0,"9":0,"10":0,"11":0,"12":0,"13":0,"14":0,"15":0,"16":0,"17":0,"18":0,"19":0,"20":0,"21":0,"22":0,"23":0,"24":0,"25":0,"26":0,"27":0,"28":0,"29":0,"30":0,"31":0,"32":0,"33":0,"34":0,"35":0,"36":0,"37":0,"38":0,"39":0,"40":0,"41":0,"42":0,"43":0,"44":0,"45":0,"46":0,"47":0,"48":0,"49":0,"50":0,"51":0,"52":0,"53":0,"54":0,"55":0,"56":0,"57":0,"58":0,"59":0,"60":0,"61":0,"62":0,"63":0,"64":0,"65":0,"66":0,"67":0,"68":0,"69":0,"70":0,"71":0,"72":0,"73":0,"74":0,"75":0,"76":0,"77":0,"78":0,"79":0,"80":0,"81":0,"82":0,"83":0,"84":0,"85":0,"86":0,"87":0,"88":0,"89":0,"90":0},"f":{"0":0,"1":0,"2":0,"3":0,"4":0,"5":0,"6":0,"7":0,"8":0,"9":0,"10":0,"11":0,"12":0},"b":{"0":[0,0],"1":[0,0],"2":[0,0],"3":[0,0],"4":[0,0],"5":[0],"6":[0,0],"7":[0,0],"8":[0,0],"9":[0,0],"10":[0,0],"11":[0,0],"12":[0,0]}}
,"C:\\Users\\Manuka Honey\\Desktop\\timeing-box\\src\\hooks\\useLocalStorage.ts": {"path":"C:\\Users\\Manuka Honey\\Desktop\\timeing-box\\src\\hooks\\useLocalStorage.ts","statementMap":{"0":{"start":{"line":16,"column":28},"end":{"line":16,"column":53}},"1":{"start":{"line":17,"column":32},"end":{"line":17,"column":46}},"2":{"start":{"line":18,"column":28},"end":{"line":18,"column":57}},"3":{"start":{"line":23,"column":20},"end":{"line":51,"column":36}},"4":{"start":{"line":24,"column":4},"end":{"line":50,"column":5}},"5":{"start":{"line":25,"column":6},"end":{"line":25,"column":23}},"6":{"start":{"line":26,"column":6},"end":{"line":26,"column":21}},"7":{"start":{"line":28,"column":21},"end":{"line":28,"column":52}},"8":{"start":{"line":29,"column":6},"end":{"line":42,"column":7}},"9":{"start":{"line":30,"column":23},"end":{"line":30,"column":41}},"10":{"start":{"line":33,"column":8},"end":{"line":37,"column":9}},"11":{"start":{"line":34,"column":10},"end":{"line":34,"column":84}},"12":{"start":{"line":35,"column":10},"end":{"line":35,"column":33}},"13":{"start":{"line":36,"column":10},"end":{"line":36,"column":17}},"14":{"start":{"line":39,"column":8},"end":{"line":39,"column":25}},"15":{"start":{"line":41,"column":8},"end":{"line":41,"column":31}},"16":{"start":{"line":44,"column":27},"end":{"line":44,"column":65}},"17":{"start":{"line":45,"column":6},"end":{"line":45,"column":34}},"18":{"start":{"line":46,"column":6},"end":{"line":46,"column":29}},"19":{"start":{"line":47,"column":6},"end":{"line":47,"column":29}},"20":{"start":{"line":49,"column":6},"end":{"line":49,"column":24}},"21":{"start":{"line":56,"column":20},"end":{"line":73,"column":22}},"22":{"start":{"line":57,"column":4},"end":{"line":72,"column":5}},"23":{"start":{"line":58,"column":6},"end":{"line":58,"column":21}},"24":{"start":{"line":61,"column":6},"end":{"line":63,"column":7}},"25":{"start":{"line":62,"column":8},"end":{"line":62,"column":51}},"26":{"start":{"line":65,"column":6},"end":{"line":65,"column":25}},"27":{"start":{"line":66,"column":6},"end":{"line":66,"column":64}},"28":{"start":{"line":68,"column":27},"end":{"line":68,"column":62}},"29":{"start":{"line":69,"column":6},"end":{"line":69,"column":34}},"30":{"start":{"line":70,"column":6},"end":{"line":70,"column":29}},"31":{"start":{"line":71,"column":6},"end":{"line":71,"column":18}},"32":{"start":{"line":78,"column":22},"end":{"line":89,"column":25}},"33":{"start":{"line":79,"column":4},"end":{"line":88,"column":5}},"34":{"start":{"line":80,"column":6},"end":{"line":80,"column":21}},"35":{"start":{"line":81,"column":6},"end":{"line":81,"column":41}},"36":{"start":{"line":82,"column":6},"end":{"line":82,"column":29}},"37":{"start":{"line":84,"column":27},"end":{"line":84,"column":66}},"38":{"start":{"line":85,"column":6},"end":{"line":85,"column":34}},"39":{"start":{"line":86,"column":6},"end":{"line":86,"column":29}},"40":{"start":{"line":87,"column":6},"end":{"line":87,"column":18}},"41":{"start":{"line":94,"column":19},"end":{"line":102,"column":11}},"42":{"start":{"line":95,"column":4},"end":{"line":101,"column":5}},"43":{"start":{"line":96,"column":21},"end":{"line":96,"column":52}},"44":{"start":{"line":97,"column":6},"end":{"line":97,"column":29}},"45":{"start":{"line":99,"column":6},"end":{"line":99,"column":54}},"46":{"start":{"line":100,"column":6},"end":{"line":100,"column":19}},"47":{"start":{"line":105,"column":2},"end":{"line":107,"column":18}},"48":{"start":{"line":106,"column":4},"end":{"line":106,"column":16}},"49":{"start":{"line":109,"column":2},"end":{"line":117,"column":4}},"50":{"start":{"line":123,"column":31},"end":{"line":123,"column":46}}},"fnMap":{"0":{"name":"useLocalStorage","decl":{"start":{"line":11,"column":16},"end":{"line":11,"column":31}},"loc":{"start":{"line":15,"column":2},"end":{"line":118,"column":1}},"line":15},"1":{"name":"(anonymous_1)","decl":{"start":{"line":23,"column":32},"end":{"line":23,"column":33}},"loc":{"start":{"line":23,"column":44},"end":{"line":51,"column":3}},"line":23},"2":{"name":"(anonymous_2)","decl":{"start":{"line":56,"column":32},"end":{"line":56,"column":33}},"loc":{"start":{"line":56,"column":55},"end":{"line":73,"column":3}},"line":56},"3":{"name":"(anonymous_3)","decl":{"start":{"line":78,"column":34},"end":{"line":78,"column":35}},"loc":{"start":{"line":78,"column":46},"end":{"line":89,"column":3}},"line":78},"4":{"name":"(anonymous_4)","decl":{"start":{"line":94,"column":31},"end":{"line":94,"column":32}},"loc":{"start":{"line":94,"column":61},"end":{"line":102,"column":3}},"line":94},"5":{"name":"(anonymous_5)","decl":{"start":{"line":105,"column":12},"end":{"line":105,"column":13}},"loc":{"start":{"line":105,"column":18},"end":{"line":107,"column":3}},"line":105}},"branchMap":{"0":{"loc":{"start":{"line":29,"column":6},"end":{"line":42,"column":7}},"type":"if","locations":[{"start":{"line":29,"column":6},"end":{"line":42,"column":7}},{"start":{"line":40,"column":13},"end":{"line":42,"column":7}}],"line":29},"1":{"loc":{"start":{"line":33,"column":8},"end":{"line":37,"column":9}},"type":"if","locations":[{"start":{"line":33,"column":8},"end":{"line":37,"column":9}},{"start":{},"end":{}}],"line":33},"2":{"loc":{"start":{"line":33,"column":12},"end":{"line":33,"column":43}},"type":"binary-expr","locations":[{"start":{"line":33,"column":12},"end":{"line":33,"column":21}},{"start":{"line":33,"column":25},"end":{"line":33,"column":43}}],"line":33},"3":{"loc":{"start":{"line":61,"column":6},"end":{"line":63,"column":7}},"type":"if","locations":[{"start":{"line":61,"column":6},"end":{"line":63,"column":7}},{"start":{},"end":{}}],"line":61},"4":{"loc":{"start":{"line":61,"column":10},"end":{"line":61,"column":43}},"type":"binary-expr","locations":[{"start":{"line":61,"column":10},"end":{"line":61,"column":19}},{"start":{"line":61,"column":23},"end":{"line":61,"column":43}}],"line":61}},"s":{"0":0,"1":0,"2":0,"3":0,"4":0,"5":0,"6":0,"7":0,"8":0,"9":0,"10":0,"11":0,"12":0,"13":0,"14":0,"15":0,"16":0,"17":0,"18":0,"19":0,"20":0,"21":0,"22":0,"23":0,"24":0,"25":0,"26":0,"27":0,"28":0,"29":0,"30":0,"31":0,"32":0,"33":0,"34":0,"35":0,"36":0,"37":0,"38":0,"39":0,"40":0,"41":0,"42":0,"43":0,"44":0,"45":0,"46":0,"47":0,"48":0,"49":0,"50":0},"f":{"0":0,"1":0,"2":0,"3":0,"4":0,"5":0},"b":{"0":[0,0],"1":[0,0],"2":[0,0],"3":[0,0],"4":[0,0]}}
,"C:\\Users\\Manuka Honey\\Desktop\\timeing-box\\src\\hooks\\useTaskManagement.ts": {"path":"C:\\Users\\Manuka Honey\\Desktop\\timeing-box\\src\\hooks\\useTaskManagement.ts","statementMap":{"0":{"start":{"line":9,"column":28},"end":{"line":9,"column":48}},"1":{"start":{"line":10,"column":32},"end":{"line":10,"column":47}},"2":{"start":{"line":17,"column":18},"end":{"line":30,"column":8}},"3":{"start":{"line":18,"column":4},"end":{"line":18,"column":21}},"4":{"start":{"line":19,"column":4},"end":{"line":29,"column":5}},"5":{"start":{"line":20,"column":28},"end":{"line":23,"column":7}},"6":{"start":{"line":25,"column":6},"end":{"line":25,"column":43}},"7":{"start":{"line":25,"column":23},"end":{"line":25,"column":41}},"8":{"start":{"line":26,"column":6},"end":{"line":26,"column":21}},"9":{"start":{"line":28,"column":6},"end":{"line":28,"column":24}},"10":{"start":{"line":38,"column":21},"end":{"line":55,"column":8}},"11":{"start":{"line":39,"column":4},"end":{"line":39,"column":21}},"12":{"start":{"line":40,"column":4},"end":{"line":54,"column":5}},"13":{"start":{"line":41,"column":37},"end":{"line":41,"column":41}},"14":{"start":{"line":43,"column":6},"end":{"line":49,"column":10}},"15":{"start":{"line":43,"column":23},"end":{"line":49,"column":8}},"16":{"start":{"line":44,"column":8},"end":{"line":47,"column":9}},"17":{"start":{"line":45,"column":10},"end":{"line":45,"column":48}},"18":{"start":{"line":46,"column":10},"end":{"line":46,"column":29}},"19":{"start":{"line":48,"column":8},"end":{"line":48,"column":20}},"20":{"start":{"line":51,"column":6},"end":{"line":51,"column":25}},"21":{"start":{"line":53,"column":6},"end":{"line":53,"column":24}},"22":{"start":{"line":62,"column":21},"end":{"line":81,"column":8}},"23":{"start":{"line":63,"column":4},"end":{"line":63,"column":21}},"24":{"start":{"line":64,"column":4},"end":{"line":80,"column":5}},"25":{"start":{"line":65,"column":18},"end":{"line":65,"column":23}},"26":{"start":{"line":66,"column":6},"end":{"line":75,"column":9}},"27":{"start":{"line":67,"column":25},"end":{"line":73,"column":10}},"28":{"start":{"line":68,"column":10},"end":{"line":71,"column":11}},"29":{"start":{"line":69,"column":12},"end":{"line":69,"column":25}},"30":{"start":{"line":70,"column":12},"end":{"line":70,"column":25}},"31":{"start":{"line":72,"column":10},"end":{"line":72,"column":22}},"32":{"start":{"line":74,"column":8},"end":{"line":74,"column":24}},"33":{"start":{"line":77,"column":6},"end":{"line":77,"column":19}},"34":{"start":{"line":79,"column":6},"end":{"line":79,"column":24}},"35":{"start":{"line":88,"column":18},"end":{"line":90,"column":13}},"36":{"start":{"line":89,"column":4},"end":{"line":89,"column":54}},"37":{"start":{"line":89,"column":30},"end":{"line":89,"column":44}},"38":{"start":{"line":96,"column":22},"end":{"line":98,"column":13}},"39":{"start":{"line":97,"column":4},"end":{"line":97,"column":22}},"40":{"start":{"line":105,"column":27},"end":{"line":107,"column":13}},"41":{"start":{"line":106,"column":4},"end":{"line":106,"column":62}},"42":{"start":{"line":106,"column":32},"end":{"line":106,"column":60}},"43":{"start":{"line":113,"column":24},"end":{"line":120,"column":8}},"44":{"start":{"line":114,"column":4},"end":{"line":114,"column":21}},"45":{"start":{"line":115,"column":4},"end":{"line":119,"column":5}},"46":{"start":{"line":116,"column":6},"end":{"line":116,"column":19}},"47":{"start":{"line":118,"column":6},"end":{"line":118,"column":24}},"48":{"start":{"line":122,"column":2},"end":{"line":132,"column":4}}},"fnMap":{"0":{"name":"useTaskManagement","decl":{"start":{"line":8,"column":16},"end":{"line":8,"column":33}},"loc":{"start":{"line":8,"column":36},"end":{"line":133,"column":1}},"line":8},"1":{"name":"(anonymous_1)","decl":{"start":{"line":17,"column":30},"end":{"line":17,"column":31}},"loc":{"start":{"line":17,"column":83},"end":{"line":30,"column":3}},"line":17},"2":{"name":"(anonymous_2)","decl":{"start":{"line":25,"column":15},"end":{"line":25,"column":16}},"loc":{"start":{"line":25,"column":23},"end":{"line":25,"column":41}},"line":25},"3":{"name":"(anonymous_3)","decl":{"start":{"line":38,"column":33},"end":{"line":38,"column":34}},"loc":{"start":{"line":38,"column":113},"end":{"line":55,"column":3}},"line":38},"4":{"name":"(anonymous_4)","decl":{"start":{"line":43,"column":15},"end":{"line":43,"column":16}},"loc":{"start":{"line":43,"column":23},"end":{"line":49,"column":8}},"line":43},"5":{"name":"(anonymous_5)","decl":{"start":{"line":43,"column":32},"end":{"line":43,"column":33}},"loc":{"start":{"line":43,"column":40},"end":{"line":49,"column":7}},"line":43},"6":{"name":"(anonymous_6)","decl":{"start":{"line":62,"column":33},"end":{"line":62,"column":34}},"loc":{"start":{"line":62,"column":73},"end":{"line":81,"column":3}},"line":62},"7":{"name":"(anonymous_7)","decl":{"start":{"line":66,"column":15},"end":{"line":66,"column":16}},"loc":{"start":{"line":66,"column":23},"end":{"line":75,"column":7}},"line":66},"8":{"name":"(anonymous_8)","decl":{"start":{"line":67,"column":37},"end":{"line":67,"column":38}},"loc":{"start":{"line":67,"column":45},"end":{"line":73,"column":9}},"line":67},"9":{"name":"(anonymous_9)","decl":{"start":{"line":88,"column":30},"end":{"line":88,"column":31}},"loc":{"start":{"line":88,"column":59},"end":{"line":90,"column":3}},"line":88},"10":{"name":"(anonymous_10)","decl":{"start":{"line":89,"column":22},"end":{"line":89,"column":23}},"loc":{"start":{"line":89,"column":30},"end":{"line":89,"column":44}},"line":89},"11":{"name":"(anonymous_11)","decl":{"start":{"line":96,"column":34},"end":{"line":96,"column":35}},"loc":{"start":{"line":96,"column":48},"end":{"line":98,"column":3}},"line":96},"12":{"name":"(anonymous_12)","decl":{"start":{"line":105,"column":39},"end":{"line":105,"column":40}},"loc":{"start":{"line":105,"column":71},"end":{"line":107,"column":3}},"line":105},"13":{"name":"(anonymous_13)","decl":{"start":{"line":106,"column":24},"end":{"line":106,"column":25}},"loc":{"start":{"line":106,"column":32},"end":{"line":106,"column":60}},"line":106},"14":{"name":"(anonymous_14)","decl":{"start":{"line":113,"column":36},"end":{"line":113,"column":37}},"loc":{"start":{"line":113,"column":63},"end":{"line":120,"column":3}},"line":113}},"branchMap":{"0":{"loc":{"start":{"line":44,"column":8},"end":{"line":47,"column":9}},"type":"if","locations":[{"start":{"line":44,"column":8},"end":{"line":47,"column":9}},{"start":{},"end":{}}],"line":44},"1":{"loc":{"start":{"line":68,"column":10},"end":{"line":71,"column":11}},"type":"if","locations":[{"start":{"line":68,"column":10},"end":{"line":71,"column":11}},{"start":{},"end":{}}],"line":68},"2":{"loc":{"start":{"line":89,"column":11},"end":{"line":89,"column":53}},"type":"binary-expr","locations":[{"start":{"line":89,"column":11},"end":{"line":89,"column":45}},{"start":{"line":89,"column":49},"end":{"line":89,"column":53}}],"line":89}},"s":{"0":0,"1":0,"2":0,"3":0,"4":0,"5":0,"6":0,"7":0,"8":0,"9":0,"10":0,"11":0,"12":0,"13":0,"14":0,"15":0,"16":0,"17":0,"18":0,"19":0,"20":0,"21":0,"22":0,"23":0,"24":0,"25":0,"26":0,"27":0,"28":0,"29":0,"30":0,"31":0,"32":0,"33":0,"34":0,"35":0,"36":0,"37":0,"38":0,"39":0,"40":0,"41":0,"42":0,"43":0,"44":0,"45":0,"46":0,"47":0,"48":0},"f":{"0":0,"1":0,"2":0,"3":0,"4":0,"5":0,"6":0,"7":0,"8":0,"9":0,"10":0,"11":0,"12":0,"13":0,"14":0},"b":{"0":[0,0],"1":[0,0],"2":[0,0]}}
,"C:\\Users\\Manuka Honey\\Desktop\\timeing-box\\src\\hooks\\useTaskManager.ts": {"path":"C:\\Users\\Manuka Honey\\Desktop\\timeing-box\\src\\hooks\\useTaskManager.ts","statementMap":{"0":{"start":{"line":6,"column":26},"end":{"line":6,"column":44}},"1":{"start":{"line":7,"column":34},"end":{"line":7,"column":60}},"2":{"start":{"line":18,"column":73},"end":{"line":18,"column":119}},"3":{"start":{"line":19,"column":64},"end":{"line":19,"column":125}},"4":{"start":{"line":21,"column":32},"end":{"line":21,"column":47}},"5":{"start":{"line":26,"column":18},"end":{"line":53,"column":23}},"6":{"start":{"line":27,"column":4},"end":{"line":27,"column":21}},"7":{"start":{"line":28,"column":4},"end":{"line":52,"column":5}},"8":{"start":{"line":30,"column":29},"end":{"line":33,"column":7}},"9":{"start":{"line":35,"column":24},"end":{"line":35,"column":60}},"10":{"start":{"line":36,"column":6},"end":{"line":41,"column":7}},"11":{"start":{"line":37,"column":8},"end":{"line":40,"column":10}},"12":{"start":{"line":39,"column":75},"end":{"line":39,"column":81}},"13":{"start":{"line":43,"column":28},"end":{"line":43,"column":36}},"14":{"start":{"line":44,"column":27},"end":{"line":44,"column":46}},"15":{"start":{"line":45,"column":6},"end":{"line":45,"column":35}},"16":{"start":{"line":47,"column":6},"end":{"line":47,"column":46}},"17":{"start":{"line":49,"column":6},"end":{"line":49,"column":61}},"18":{"start":{"line":51,"column":6},"end":{"line":51,"column":24}},"19":{"start":{"line":58,"column":21},"end":{"line":88,"column":23}},"20":{"start":{"line":59,"column":4},"end":{"line":59,"column":21}},"21":{"start":{"line":60,"column":4},"end":{"line":87,"column":5}},"22":{"start":{"line":61,"column":26},"end":{"line":61,"column":54}},"23":{"start":{"line":61,"column":42},"end":{"line":61,"column":53}},"24":{"start":{"line":62,"column":6},"end":{"line":64,"column":7}},"25":{"start":{"line":63,"column":8},"end":{"line":63,"column":59}},"26":{"start":{"line":66,"column":26},"end":{"line":66,"column":56}},"27":{"start":{"line":69,"column":6},"end":{"line":77,"column":7}},"28":{"start":{"line":70,"column":26},"end":{"line":70,"column":69}},"29":{"start":{"line":71,"column":8},"end":{"line":76,"column":9}},"30":{"start":{"line":72,"column":10},"end":{"line":75,"column":12}},"31":{"start":{"line":74,"column":82},"end":{"line":74,"column":88}},"32":{"start":{"line":79,"column":27},"end":{"line":79,"column":81}},"33":{"start":{"line":79,"column":45},"end":{"line":79,"column":80}},"34":{"start":{"line":80,"column":6},"end":{"line":80,"column":35}},"35":{"start":{"line":82,"column":6},"end":{"line":82,"column":50}},"36":{"start":{"line":84,"column":6},"end":{"line":84,"column":64}},"37":{"start":{"line":86,"column":6},"end":{"line":86,"column":24}},"38":{"start":{"line":93,"column":21},"end":{"line":119,"column":54}},"39":{"start":{"line":94,"column":4},"end":{"line":94,"column":21}},"40":{"start":{"line":95,"column":4},"end":{"line":118,"column":5}},"41":{"start":{"line":96,"column":27},"end":{"line":96,"column":55}},"42":{"start":{"line":96,"column":43},"end":{"line":96,"column":54}},"43":{"start":{"line":97,"column":6},"end":{"line":99,"column":7}},"44":{"start":{"line":98,"column":8},"end":{"line":98,"column":59}},"45":{"start":{"line":102,"column":39},"end":{"line":105,"column":7}},"46":{"start":{"line":107,"column":34},"end":{"line":107,"column":64}},"47":{"start":{"line":108,"column":6},"end":{"line":108,"column":49}},"48":{"start":{"line":110,"column":27},"end":{"line":110,"column":63}},"49":{"start":{"line":110,"column":48},"end":{"line":110,"column":62}},"50":{"start":{"line":111,"column":6},"end":{"line":111,"column":35}},"51":{"start":{"line":113,"column":6},"end":{"line":113,"column":31}},"52":{"start":{"line":115,"column":6},"end":{"line":115,"column":64}},"53":{"start":{"line":117,"column":6},"end":{"line":117,"column":24}},"54":{"start":{"line":124,"column":21},"end":{"line":156,"column":54}},"55":{"start":{"line":125,"column":4},"end":{"line":127,"column":5}},"56":{"start":{"line":126,"column":6},"end":{"line":126,"column":62}},"57":{"start":{"line":129,"column":4},"end":{"line":129,"column":21}},"58":{"start":{"line":130,"column":4},"end":{"line":155,"column":5}},"59":{"start":{"line":131,"column":26},"end":{"line":131,"column":63}},"60":{"start":{"line":134,"column":24},"end":{"line":134,"column":68}},"61":{"start":{"line":135,"column":6},"end":{"line":140,"column":7}},"62":{"start":{"line":136,"column":8},"end":{"line":139,"column":10}},"63":{"start":{"line":138,"column":87},"end":{"line":138,"column":93}},"64":{"start":{"line":143,"column":27},"end":{"line":143,"column":55}},"65":{"start":{"line":144,"column":6},"end":{"line":144,"column":35}},"66":{"start":{"line":147,"column":34},"end":{"line":147,"column":59}},"67":{"start":{"line":148,"column":6},"end":{"line":148,"column":49}},"68":{"start":{"line":150,"column":6},"end":{"line":150,"column":55}},"69":{"start":{"line":152,"column":6},"end":{"line":152,"column":65}},"70":{"start":{"line":154,"column":6},"end":{"line":154,"column":24}},"71":{"start":{"line":161,"column":19},"end":{"line":164,"column":18}},"72":{"start":{"line":162,"column":19},"end":{"line":162,"column":68}},"73":{"start":{"line":163,"column":4},"end":{"line":163,"column":60}},"74":{"start":{"line":169,"column":25},"end":{"line":176,"column":18}},"75":{"start":{"line":170,"column":4},"end":{"line":172,"column":5}},"76":{"start":{"line":171,"column":6},"end":{"line":171,"column":82}},"77":{"start":{"line":174,"column":19},"end":{"line":174,"column":66}},"78":{"start":{"line":175,"column":4},"end":{"line":175,"column":60}},"79":{"start":{"line":181,"column":27},"end":{"line":189,"column":25}},"80":{"start":{"line":182,"column":24},"end":{"line":182,"column":52}},"81":{"start":{"line":182,"column":40},"end":{"line":182,"column":51}},"82":{"start":{"line":183,"column":4},"end":{"line":185,"column":5}},"83":{"start":{"line":184,"column":6},"end":{"line":184,"column":57}},"84":{"start":{"line":187,"column":19},"end":{"line":187,"column":78}},"85":{"start":{"line":188,"column":4},"end":{"line":188,"column":60}},"86":{"start":{"line":194,"column":23},"end":{"line":205,"column":23}},"87":{"start":{"line":195,"column":24},"end":{"line":195,"column":52}},"88":{"start":{"line":195,"column":40},"end":{"line":195,"column":51}},"89":{"start":{"line":196,"column":4},"end":{"line":198,"column":5}},"90":{"start":{"line":197,"column":6},"end":{"line":197,"column":57}},"91":{"start":{"line":200,"column":4},"end":{"line":202,"column":5}},"92":{"start":{"line":201,"column":6},"end":{"line":201,"column":73}},"93":{"start":{"line":204,"column":4},"end":{"line":204,"column":51}},"94":{"start":{"line":210,"column":24},"end":{"line":221,"column":23}},"95":{"start":{"line":211,"column":24},"end":{"line":211,"column":52}},"96":{"start":{"line":211,"column":40},"end":{"line":211,"column":51}},"97":{"start":{"line":212,"column":4},"end":{"line":214,"column":5}},"98":{"start":{"line":213,"column":6},"end":{"line":213,"column":57}},"99":{"start":{"line":216,"column":4},"end":{"line":218,"column":5}},"100":{"start":{"line":217,"column":6},"end":{"line":217,"column":67}},"101":{"start":{"line":220,"column":4},"end":{"line":220,"column":51}},"102":{"start":{"line":226,"column":27},"end":{"line":233,"column":29}},"103":{"start":{"line":227,"column":24},"end":{"line":227,"column":52}},"104":{"start":{"line":227,"column":40},"end":{"line":227,"column":51}},"105":{"start":{"line":228,"column":4},"end":{"line":230,"column":5}},"106":{"start":{"line":229,"column":6},"end":{"line":229,"column":57}},"107":{"start":{"line":232,"column":4},"end":{"line":232,"column":56}},"108":{"start":{"line":238,"column":27},"end":{"line":249,"column":29}},"109":{"start":{"line":239,"column":24},"end":{"line":239,"column":52}},"110":{"start":{"line":239,"column":40},"end":{"line":239,"column":51}},"111":{"start":{"line":240,"column":4},"end":{"line":242,"column":5}},"112":{"start":{"line":241,"column":6},"end":{"line":241,"column":57}},"113":{"start":{"line":244,"column":4},"end":{"line":246,"column":5}},"114":{"start":{"line":245,"column":6},"end":{"line":245,"column":83}},"115":{"start":{"line":248,"column":4},"end":{"line":248,"column":56}},"116":{"start":{"line":254,"column":32},"end":{"line":257,"column":13}},"117":{"start":{"line":255,"column":26},"end":{"line":255,"column":91}},"118":{"start":{"line":255,"column":60},"end":{"line":255,"column":82}},"119":{"start":{"line":256,"column":4},"end":{"line":256,"column":54}},"120":{"start":{"line":262,"column":18},"end":{"line":262,"column":41}},"121":{"start":{"line":267,"column":2},"end":{"line":282,"column":38}},"122":{"start":{"line":268,"column":28},"end":{"line":279,"column":5}},"123":{"start":{"line":269,"column":18},"end":{"line":269,"column":28}},"124":{"start":{"line":270,"column":23},"end":{"line":270,"column":42}},"125":{"start":{"line":272,"column":28},"end":{"line":274,"column":7}},"126":{"start":{"line":273,"column":19},"end":{"line":273,"column":55}},"127":{"start":{"line":276,"column":6},"end":{"line":278,"column":7}},"128":{"start":{"line":277,"column":8},"end":{"line":277,"column":45}},"129":{"start":{"line":281,"column":4},"end":{"line":281,"column":22}},"130":{"start":{"line":284,"column":2},"end":{"line":307,"column":4}}},"fnMap":{"0":{"name":"useTaskManager","decl":{"start":{"line":17,"column":16},"end":{"line":17,"column":30}},"loc":{"start":{"line":17,"column":33},"end":{"line":308,"column":1}},"line":17},"1":{"name":"(anonymous_1)","decl":{"start":{"line":26,"column":30},"end":{"line":26,"column":31}},"loc":{"start":{"line":26,"column":128},"end":{"line":53,"column":3}},"line":26},"2":{"name":"(anonymous_2)","decl":{"start":{"line":39,"column":70},"end":{"line":39,"column":71}},"loc":{"start":{"line":39,"column":75},"end":{"line":39,"column":81}},"line":39},"3":{"name":"(anonymous_3)","decl":{"start":{"line":58,"column":33},"end":{"line":58,"column":34}},"loc":{"start":{"line":58,"column":151},"end":{"line":88,"column":3}},"line":58},"4":{"name":"(anonymous_4)","decl":{"start":{"line":61,"column":37},"end":{"line":61,"column":38}},"loc":{"start":{"line":61,"column":42},"end":{"line":61,"column":53}},"line":61},"5":{"name":"(anonymous_5)","decl":{"start":{"line":74,"column":77},"end":{"line":74,"column":78}},"loc":{"start":{"line":74,"column":82},"end":{"line":74,"column":88}},"line":74},"6":{"name":"(anonymous_6)","decl":{"start":{"line":79,"column":37},"end":{"line":79,"column":38}},"loc":{"start":{"line":79,"column":45},"end":{"line":79,"column":80}},"line":79},"7":{"name":"(anonymous_7)","decl":{"start":{"line":93,"column":33},"end":{"line":93,"column":34}},"loc":{"start":{"line":93,"column":102},"end":{"line":119,"column":3}},"line":93},"8":{"name":"(anonymous_8)","decl":{"start":{"line":96,"column":38},"end":{"line":96,"column":39}},"loc":{"start":{"line":96,"column":43},"end":{"line":96,"column":54}},"line":96},"9":{"name":"(anonymous_9)","decl":{"start":{"line":110,"column":40},"end":{"line":110,"column":41}},"loc":{"start":{"line":110,"column":48},"end":{"line":110,"column":62}},"line":110},"10":{"name":"(anonymous_10)","decl":{"start":{"line":124,"column":33},"end":{"line":124,"column":34}},"loc":{"start":{"line":124,"column":105},"end":{"line":156,"column":3}},"line":124},"11":{"name":"(anonymous_11)","decl":{"start":{"line":138,"column":82},"end":{"line":138,"column":83}},"loc":{"start":{"line":138,"column":87},"end":{"line":138,"column":93}},"line":138},"12":{"name":"(anonymous_12)","decl":{"start":{"line":161,"column":31},"end":{"line":161,"column":32}},"loc":{"start":{"line":161,"column":122},"end":{"line":164,"column":3}},"line":161},"13":{"name":"(anonymous_13)","decl":{"start":{"line":169,"column":37},"end":{"line":169,"column":38}},"loc":{"start":{"line":169,"column":127},"end":{"line":176,"column":3}},"line":169},"14":{"name":"(anonymous_14)","decl":{"start":{"line":181,"column":39},"end":{"line":181,"column":40}},"loc":{"start":{"line":181,"column":108},"end":{"line":189,"column":3}},"line":181},"15":{"name":"(anonymous_15)","decl":{"start":{"line":182,"column":35},"end":{"line":182,"column":36}},"loc":{"start":{"line":182,"column":40},"end":{"line":182,"column":51}},"line":182},"16":{"name":"(anonymous_16)","decl":{"start":{"line":194,"column":35},"end":{"line":194,"column":36}},"loc":{"start":{"line":194,"column":104},"end":{"line":205,"column":3}},"line":194},"17":{"name":"(anonymous_17)","decl":{"start":{"line":195,"column":35},"end":{"line":195,"column":36}},"loc":{"start":{"line":195,"column":40},"end":{"line":195,"column":51}},"line":195},"18":{"name":"(anonymous_18)","decl":{"start":{"line":210,"column":36},"end":{"line":210,"column":37}},"loc":{"start":{"line":210,"column":105},"end":{"line":221,"column":3}},"line":210},"19":{"name":"(anonymous_19)","decl":{"start":{"line":211,"column":35},"end":{"line":211,"column":36}},"loc":{"start":{"line":211,"column":40},"end":{"line":211,"column":51}},"line":211},"20":{"name":"(anonymous_20)","decl":{"start":{"line":226,"column":39},"end":{"line":226,"column":40}},"loc":{"start":{"line":226,"column":108},"end":{"line":233,"column":3}},"line":226},"21":{"name":"(anonymous_21)","decl":{"start":{"line":227,"column":35},"end":{"line":227,"column":36}},"loc":{"start":{"line":227,"column":40},"end":{"line":227,"column":51}},"line":227},"22":{"name":"(anonymous_22)","decl":{"start":{"line":238,"column":39},"end":{"line":238,"column":40}},"loc":{"start":{"line":238,"column":108},"end":{"line":249,"column":3}},"line":238},"23":{"name":"(anonymous_23)","decl":{"start":{"line":239,"column":35},"end":{"line":239,"column":36}},"loc":{"start":{"line":239,"column":40},"end":{"line":239,"column":51}},"line":239},"24":{"name":"(anonymous_24)","decl":{"start":{"line":254,"column":44},"end":{"line":254,"column":45}},"loc":{"start":{"line":254,"column":100},"end":{"line":257,"column":3}},"line":254},"25":{"name":"(anonymous_25)","decl":{"start":{"line":255,"column":55},"end":{"line":255,"column":56}},"loc":{"start":{"line":255,"column":60},"end":{"line":255,"column":82}},"line":255},"26":{"name":"(anonymous_26)","decl":{"start":{"line":267,"column":12},"end":{"line":267,"column":13}},"loc":{"start":{"line":267,"column":18},"end":{"line":282,"column":3}},"line":267},"27":{"name":"(anonymous_27)","decl":{"start":{"line":268,"column":28},"end":{"line":268,"column":29}},"loc":{"start":{"line":268,"column":40},"end":{"line":279,"column":5}},"line":268},"28":{"name":"(anonymous_28)","decl":{"start":{"line":273,"column":8},"end":{"line":273,"column":9}},"loc":{"start":{"line":273,"column":19},"end":{"line":273,"column":55}},"line":273}},"branchMap":{"0":{"loc":{"start":{"line":36,"column":6},"end":{"line":41,"column":7}},"type":"if","locations":[{"start":{"line":36,"column":6},"end":{"line":41,"column":7}},{"start":{},"end":{}}],"line":36},"1":{"loc":{"start":{"line":62,"column":6},"end":{"line":64,"column":7}},"type":"if","locations":[{"start":{"line":62,"column":6},"end":{"line":64,"column":7}},{"start":{},"end":{}}],"line":62},"2":{"loc":{"start":{"line":69,"column":6},"end":{"line":77,"column":7}},"type":"if","locations":[{"start":{"line":69,"column":6},"end":{"line":77,"column":7}},{"start":{},"end":{}}],"line":69},"3":{"loc":{"start":{"line":69,"column":10},"end":{"line":69,"column":75}},"type":"binary-expr","locations":[{"start":{"line":69,"column":10},"end":{"line":69,"column":41}},{"start":{"line":69,"column":45},"end":{"line":69,"column":75}}],"line":69},"4":{"loc":{"start":{"line":71,"column":8},"end":{"line":76,"column":9}},"type":"if","locations":[{"start":{"line":71,"column":8},"end":{"line":76,"column":9}},{"start":{},"end":{}}],"line":71},"5":{"loc":{"start":{"line":79,"column":45},"end":{"line":79,"column":80}},"type":"cond-expr","locations":[{"start":{"line":79,"column":62},"end":{"line":79,"column":73}},{"start":{"line":79,"column":76},"end":{"line":79,"column":80}}],"line":79},"6":{"loc":{"start":{"line":97,"column":6},"end":{"line":99,"column":7}},"type":"if","locations":[{"start":{"line":97,"column":6},"end":{"line":99,"column":7}},{"start":{},"end":{}}],"line":97},"7":{"loc":{"start":{"line":125,"column":4},"end":{"line":127,"column":5}},"type":"if","locations":[{"start":{"line":125,"column":4},"end":{"line":127,"column":5}},{"start":{},"end":{}}],"line":125},"8":{"loc":{"start":{"line":135,"column":6},"end":{"line":140,"column":7}},"type":"if","locations":[{"start":{"line":135,"column":6},"end":{"line":140,"column":7}},{"start":{},"end":{}}],"line":135},"9":{"loc":{"start":{"line":170,"column":4},"end":{"line":172,"column":5}},"type":"if","locations":[{"start":{"line":170,"column":4},"end":{"line":172,"column":5}},{"start":{},"end":{}}],"line":170},"10":{"loc":{"start":{"line":170,"column":8},"end":{"line":170,"column":43}},"type":"binary-expr","locations":[{"start":{"line":170,"column":8},"end":{"line":170,"column":23}},{"start":{"line":170,"column":27},"end":{"line":170,"column":43}}],"line":170},"11":{"loc":{"start":{"line":183,"column":4},"end":{"line":185,"column":5}},"type":"if","locations":[{"start":{"line":183,"column":4},"end":{"line":185,"column":5}},{"start":{},"end":{}}],"line":183},"12":{"loc":{"start":{"line":196,"column":4},"end":{"line":198,"column":5}},"type":"if","locations":[{"start":{"line":196,"column":4},"end":{"line":198,"column":5}},{"start":{},"end":{}}],"line":196},"13":{"loc":{"start":{"line":200,"column":4},"end":{"line":202,"column":5}},"type":"if","locations":[{"start":{"line":200,"column":4},"end":{"line":202,"column":5}},{"start":{},"end":{}}],"line":200},"14":{"loc":{"start":{"line":212,"column":4},"end":{"line":214,"column":5}},"type":"if","locations":[{"start":{"line":212,"column":4},"end":{"line":214,"column":5}},{"start":{},"end":{}}],"line":212},"15":{"loc":{"start":{"line":216,"column":4},"end":{"line":218,"column":5}},"type":"if","locations":[{"start":{"line":216,"column":4},"end":{"line":218,"column":5}},{"start":{},"end":{}}],"line":216},"16":{"loc":{"start":{"line":228,"column":4},"end":{"line":230,"column":5}},"type":"if","locations":[{"start":{"line":228,"column":4},"end":{"line":230,"column":5}},{"start":{},"end":{}}],"line":228},"17":{"loc":{"start":{"line":240,"column":4},"end":{"line":242,"column":5}},"type":"if","locations":[{"start":{"line":240,"column":4},"end":{"line":242,"column":5}},{"start":{},"end":{}}],"line":240},"18":{"loc":{"start":{"line":244,"column":4},"end":{"line":246,"column":5}},"type":"if","locations":[{"start":{"line":244,"column":4},"end":{"line":246,"column":5}},{"start":{},"end":{}}],"line":244},"19":{"loc":{"start":{"line":255,"column":26},"end":{"line":255,"column":91}},"type":"cond-expr","locations":[{"start":{"line":255,"column":42},"end":{"line":255,"column":83}},{"start":{"line":255,"column":86},"end":{"line":255,"column":91}}],"line":255},"20":{"loc":{"start":{"line":276,"column":6},"end":{"line":278,"column":7}},"type":"if","locations":[{"start":{"line":276,"column":6},"end":{"line":278,"column":7}},{"start":{},"end":{}}],"line":276},"21":{"loc":{"start":{"line":287,"column":13},"end":{"line":287,"column":36}},"type":"binary-expr","locations":[{"start":{"line":287,"column":13},"end":{"line":287,"column":20}},{"start":{"line":287,"column":24},"end":{"line":287,"column":36}}],"line":287}},"s":{"0":0,"1":0,"2":0,"3":0,"4":0,"5":0,"6":0,"7":0,"8":0,"9":0,"10":0,"11":0,"12":0,"13":0,"14":0,"15":0,"16":0,"17":0,"18":0,"19":0,"20":0,"21":0,"22":0,"23":0,"24":0,"25":0,"26":0,"27":0,"28":0,"29":0,"30":0,"31":0,"32":0,"33":0,"34":0,"35":0,"36":0,"37":0,"38":0,"39":0,"40":0,"41":0,"42":0,"43":0,"44":0,"45":0,"46":0,"47":0,"48":0,"49":0,"50":0,"51":0,"52":0,"53":0,"54":0,"55":0,"56":0,"57":0,"58":0,"59":0,"60":0,"61":0,"62":0,"63":0,"64":0,"65":0,"66":0,"67":0,"68":0,"69":0,"70":0,"71":0,"72":0,"73":0,"74":0,"75":0,"76":0,"77":0,"78":0,"79":0,"80":0,"81":0,"82":0,"83":0,"84":0,"85":0,"86":0,"87":0,"88":0,"89":0,"90":0,"91":0,"92":0,"93":0,"94":0,"95":0,"96":0,"97":0,"98":0,"99":0,"100":0,"101":0,"102":0,"103":0,"104":0,"105":0,"106":0,"107":0,"108":0,"109":0,"110":0,"111":0,"112":0,"113":0,"114":0,"115":0,"116":0,"117":0,"118":0,"119":0,"120":0,"121":0,"122":0,"123":0,"124":0,"125":0,"126":0,"127":0,"128":0,"129":0,"130":0},"f":{"0":0,"1":0,"2":0,"3":0,"4":0,"5":0,"6":0,"7":0,"8":0,"9":0,"10":0,"11":0,"12":0,"13":0,"14":0,"15":0,"16":0,"17":0,"18":0,"19":0,"20":0,"21":0,"22":0,"23":0,"24":0,"25":0,"26":0,"27":0,"28":0},"b":{"0":[0,0],"1":[0,0],"2":[0,0],"3":[0,0],"4":[0,0],"5":[0,0],"6":[0,0],"7":[0,0],"8":[0,0],"9":[0,0],"10":[0,0],"11":[0,0],"12":[0,0],"13":[0,0],"14":[0,0],"15":[0,0],"16":[0,0],"17":[0,0],"18":[0,0],"19":[0,0],"20":[0,0],"21":[0,0]}}
,"C:\\Users\\Manuka Honey\\Desktop\\timeing-box\\src\\hooks\\useTimeGrid.ts": {"path":"C:\\Users\\Manuka Honey\\Desktop\\timeing-box\\src\\hooks\\useTimeGrid.ts","statementMap":{"0":{"start":{"line":23,"column":50},"end":{"line":23,"column":62}},"1":{"start":{"line":30,"column":28},"end":{"line":47,"column":8}},"2":{"start":{"line":31,"column":30},"end":{"line":31,"column":32}},"3":{"start":{"line":33,"column":4},"end":{"line":44,"column":5}},"4":{"start":{"line":33,"column":20},"end":{"line":33,"column":21}},"5":{"start":{"line":34,"column":28},"end":{"line":36,"column":7}},"6":{"start":{"line":35,"column":8},"end":{"line":35,"column":71}},"7":{"start":{"line":38,"column":6},"end":{"line":43,"column":9}},"8":{"start":{"line":46,"column":4},"end":{"line":46,"column":17}},"9":{"start":{"line":54,"column":25},"end":{"line":58,"column":8}},"10":{"start":{"line":55,"column":24},"end":{"line":55,"column":70}},"11":{"start":{"line":56,"column":17},"end":{"line":56,"column":40}},"12":{"start":{"line":57,"column":4},"end":{"line":57,"column":39}},"13":{"start":{"line":68,"column":30},"end":{"line":99,"column":8}},"14":{"start":{"line":75,"column":4},"end":{"line":77,"column":5}},"15":{"start":{"line":76,"column":6},"end":{"line":76,"column":19}},"16":{"start":{"line":79,"column":4},"end":{"line":81,"column":5}},"17":{"start":{"line":80,"column":6},"end":{"line":80,"column":19}},"18":{"start":{"line":84,"column":26},"end":{"line":86,"column":13}},"19":{"start":{"line":85,"column":29},"end":{"line":85,"column":54}},"20":{"start":{"line":88,"column":4},"end":{"line":96,"column":5}},"21":{"start":{"line":89,"column":22},"end":{"line":89,"column":52}},"22":{"start":{"line":90,"column":25},"end":{"line":90,"column":45}},"23":{"start":{"line":93,"column":6},"end":{"line":95,"column":7}},"24":{"start":{"line":94,"column":8},"end":{"line":94,"column":21}},"25":{"start":{"line":98,"column":4},"end":{"line":98,"column":16}},"26":{"start":{"line":108,"column":32},"end":{"line":119,"column":27}},"27":{"start":{"line":113,"column":4},"end":{"line":117,"column":5}},"28":{"start":{"line":113,"column":20},"end":{"line":113,"column":29}},"29":{"start":{"line":114,"column":6},"end":{"line":116,"column":7}},"30":{"start":{"line":115,"column":8},"end":{"line":115,"column":20}},"31":{"start":{"line":118,"column":4},"end":{"line":118,"column":14}},"32":{"start":{"line":128,"column":28},"end":{"line":145,"column":29}},"33":{"start":{"line":133,"column":34},"end":{"line":133,"column":36}},"34":{"start":{"line":134,"column":22},"end":{"line":134,"column":23}},"35":{"start":{"line":136,"column":4},"end":{"line":142,"column":5}},"36":{"start":{"line":137,"column":28},"end":{"line":137,"column":79}},"37":{"start":{"line":138,"column":6},"end":{"line":138,"column":38}},"38":{"start":{"line":138,"column":32},"end":{"line":138,"column":38}},"39":{"start":{"line":140,"column":6},"end":{"line":140,"column":38}},"40":{"start":{"line":141,"column":6},"end":{"line":141,"column":38}},"41":{"start":{"line":144,"column":4},"end":{"line":144,"column":23}},"42":{"start":{"line":152,"column":23},"end":{"line":165,"column":8}},"43":{"start":{"line":153,"column":23},"end":{"line":153,"column":25}},"44":{"start":{"line":154,"column":26},"end":{"line":154,"column":77}},"45":{"start":{"line":154,"column":54},"end":{"line":154,"column":73}},"46":{"start":{"line":155,"column":22},"end":{"line":155,"column":48}},"47":{"start":{"line":156,"column":34},"end":{"line":156,"column":68}},"48":{"start":{"line":158,"column":4},"end":{"line":164,"column":6}},"49":{"start":{"line":172,"column":25},"end":{"line":174,"column":8}},"50":{"start":{"line":173,"column":4},"end":{"line":173,"column":35}},"51":{"start":{"line":181,"column":25},"end":{"line":183,"column":8}},"52":{"start":{"line":182,"column":4},"end":{"line":182,"column":22}},"53":{"start":{"line":185,"column":2},"end":{"line":196,"column":4}}},"fnMap":{"0":{"name":"useTimeGrid","decl":{"start":{"line":22,"column":16},"end":{"line":22,"column":27}},"loc":{"start":{"line":22,"column":30},"end":{"line":197,"column":1}},"line":22},"1":{"name":"(anonymous_1)","decl":{"start":{"line":30,"column":40},"end":{"line":30,"column":41}},"loc":{"start":{"line":30,"column":71},"end":{"line":47,"column":3}},"line":30},"2":{"name":"(anonymous_2)","decl":{"start":{"line":34,"column":39},"end":{"line":34,"column":40}},"loc":{"start":{"line":35,"column":8},"end":{"line":35,"column":71}},"line":35},"3":{"name":"(anonymous_3)","decl":{"start":{"line":54,"column":37},"end":{"line":54,"column":38}},"loc":{"start":{"line":54,"column":63},"end":{"line":58,"column":3}},"line":54},"4":{"name":"(anonymous_4)","decl":{"start":{"line":68,"column":42},"end":{"line":68,"column":43}},"loc":{"start":{"line":73,"column":16},"end":{"line":99,"column":3}},"line":73},"5":{"name":"(anonymous_5)","decl":{"start":{"line":85,"column":21},"end":{"line":85,"column":22}},"loc":{"start":{"line":85,"column":29},"end":{"line":85,"column":54}},"line":85},"6":{"name":"(anonymous_6)","decl":{"start":{"line":108,"column":44},"end":{"line":108,"column":45}},"loc":{"start":{"line":112,"column":15},"end":{"line":119,"column":3}},"line":112},"7":{"name":"(anonymous_7)","decl":{"start":{"line":128,"column":40},"end":{"line":128,"column":41}},"loc":{"start":{"line":132,"column":17},"end":{"line":145,"column":3}},"line":132},"8":{"name":"(anonymous_8)","decl":{"start":{"line":152,"column":35},"end":{"line":152,"column":36}},"loc":{"start":{"line":152,"column":54},"end":{"line":165,"column":3}},"line":152},"9":{"name":"(anonymous_9)","decl":{"start":{"line":154,"column":39},"end":{"line":154,"column":40}},"loc":{"start":{"line":154,"column":54},"end":{"line":154,"column":73}},"line":154},"10":{"name":"(anonymous_10)","decl":{"start":{"line":172,"column":37},"end":{"line":172,"column":38}},"loc":{"start":{"line":172,"column":66},"end":{"line":174,"column":3}},"line":172},"11":{"name":"(anonymous_11)","decl":{"start":{"line":181,"column":37},"end":{"line":181,"column":38}},"loc":{"start":{"line":181,"column":64},"end":{"line":183,"column":3}},"line":181}},"branchMap":{"0":{"loc":{"start":{"line":35,"column":8},"end":{"line":35,"column":71}},"type":"binary-expr","locations":[{"start":{"line":35,"column":8},"end":{"line":35,"column":30}},{"start":{"line":35,"column":34},"end":{"line":35,"column":71}}],"line":35},"1":{"loc":{"start":{"line":55,"column":24},"end":{"line":55,"column":70}},"type":"cond-expr","locations":[{"start":{"line":55,"column":37},"end":{"line":55,"column":39}},{"start":{"line":55,"column":42},"end":{"line":55,"column":70}}],"line":55},"2":{"loc":{"start":{"line":55,"column":42},"end":{"line":55,"column":70}},"type":"cond-expr","locations":[{"start":{"line":55,"column":54},"end":{"line":55,"column":63}},{"start":{"line":55,"column":66},"end":{"line":55,"column":70}}],"line":55},"3":{"loc":{"start":{"line":56,"column":17},"end":{"line":56,"column":40}},"type":"cond-expr","locations":[{"start":{"line":56,"column":29},"end":{"line":56,"column":33}},{"start":{"line":56,"column":36},"end":{"line":56,"column":40}}],"line":56},"4":{"loc":{"start":{"line":75,"column":4},"end":{"line":77,"column":5}},"type":"if","locations":[{"start":{"line":75,"column":4},"end":{"line":77,"column":5}},{"start":{},"end":{}}],"line":75},"5":{"loc":{"start":{"line":75,"column":8},"end":{"line":75,"column":57}},"type":"binary-expr","locations":[{"start":{"line":75,"column":8},"end":{"line":75,"column":21}},{"start":{"line":75,"column":25},"end":{"line":75,"column":40}},{"start":{"line":75,"column":44},"end":{"line":75,"column":57}}],"line":75},"6":{"loc":{"start":{"line":79,"column":4},"end":{"line":81,"column":5}},"type":"if","locations":[{"start":{"line":79,"column":4},"end":{"line":81,"column":5}},{"start":{},"end":{}}],"line":79},"7":{"loc":{"start":{"line":84,"column":26},"end":{"line":86,"column":13}},"type":"cond-expr","locations":[{"start":{"line":85,"column":8},"end":{"line":85,"column":55}},{"start":{"line":86,"column":8},"end":{"line":86,"column":13}}],"line":84},"8":{"loc":{"start":{"line":93,"column":6},"end":{"line":95,"column":7}},"type":"if","locations":[{"start":{"line":93,"column":6},"end":{"line":95,"column":7}},{"start":{},"end":{}}],"line":93},"9":{"loc":{"start":{"line":93,"column":12},"end":{"line":93,"column":64}},"type":"binary-expr","locations":[{"start":{"line":93,"column":12},"end":{"line":93,"column":32}},{"start":{"line":93,"column":36},"end":{"line":93,"column":64}}],"line":93},"10":{"loc":{"start":{"line":111,"column":4},"end":{"line":111,"column":25}},"type":"default-arg","locations":[{"start":{"line":111,"column":24},"end":{"line":111,"column":25}}],"line":111},"11":{"loc":{"start":{"line":114,"column":6},"end":{"line":116,"column":7}},"type":"if","locations":[{"start":{"line":114,"column":6},"end":{"line":116,"column":7}},{"start":{},"end":{}}],"line":114},"12":{"loc":{"start":{"line":131,"column":4},"end":{"line":131,"column":30}},"type":"default-arg","locations":[{"start":{"line":131,"column":29},"end":{"line":131,"column":30}}],"line":131},"13":{"loc":{"start":{"line":136,"column":11},"end":{"line":136,"column":78}},"type":"binary-expr","locations":[{"start":{"line":136,"column":11},"end":{"line":136,"column":46}},{"start":{"line":136,"column":50},"end":{"line":136,"column":78}}],"line":136},"14":{"loc":{"start":{"line":138,"column":6},"end":{"line":138,"column":38}},"type":"if","locations":[{"start":{"line":138,"column":6},"end":{"line":138,"column":38}},{"start":{},"end":{}}],"line":138}},"s":{"0":0,"1":0,"2":0,"3":0,"4":0,"5":0,"6":0,"7":0,"8":0,"9":0,"10":0,"11":0,"12":0,"13":0,"14":0,"15":0,"16":0,"17":0,"18":0,"19":0,"20":0,"21":0,"22":0,"23":0,"24":0,"25":0,"26":0,"27":0,"28":0,"29":0,"30":0,"31":0,"32":0,"33":0,"34":0,"35":0,"36":0,"37":0,"38":0,"39":0,"40":0,"41":0,"42":0,"43":0,"44":0,"45":0,"46":0,"47":0,"48":0,"49":0,"50":0,"51":0,"52":0,"53":0},"f":{"0":0,"1":0,"2":0,"3":0,"4":0,"5":0,"6":0,"7":0,"8":0,"9":0,"10":0,"11":0},"b":{"0":[0,0],"1":[0,0],"2":[0,0],"3":[0,0],"4":[0,0],"5":[0,0,0],"6":[0,0],"7":[0,0],"8":[0,0],"9":[0,0],"10":[0],"11":[0,0],"12":[0],"13":[0,0],"14":[0,0]}}
,"C:\\Users\\Manuka Honey\\Desktop\\timeing-box\\src\\hooks\\useTranslation.ts": {"path":"C:\\Users\\Manuka Honey\\Desktop\\timeing-box\\src\\hooks\\useTranslation.ts","statementMap":{"0":{"start":{"line":14,"column":21},"end":{"line":17,"column":10}},"1":{"start":{"line":20,"column":20},"end":{"line":20,"column":35}},"2":{"start":{"line":21,"column":26},"end":{"line":21,"column":40}},"3":{"start":{"line":23,"column":12},"end":{"line":44,"column":3}},"4":{"start":{"line":24,"column":17},"end":{"line":24,"column":31}},"5":{"start":{"line":25,"column":21},"end":{"line":25,"column":50}},"6":{"start":{"line":27,"column":4},"end":{"line":41,"column":5}},"7":{"start":{"line":28,"column":6},"end":{"line":28,"column":25}},"8":{"start":{"line":29,"column":6},"end":{"line":40,"column":7}},"9":{"start":{"line":31,"column":8},"end":{"line":31,"column":32}},"10":{"start":{"line":32,"column":8},"end":{"line":38,"column":9}},"11":{"start":{"line":33,"column":10},"end":{"line":33,"column":39}},"12":{"start":{"line":34,"column":10},"end":{"line":37,"column":11}},"13":{"start":{"line":35,"column":12},"end":{"line":35,"column":63}},"14":{"start":{"line":36,"column":12},"end":{"line":36,"column":23}},"15":{"start":{"line":39,"column":8},"end":{"line":39,"column":14}},"16":{"start":{"line":43,"column":4},"end":{"line":43,"column":24}},"17":{"start":{"line":46,"column":2},"end":{"line":50,"column":4}},"18":{"start":{"line":55,"column":15},"end":{"line":55,"column":29}},"19":{"start":{"line":56,"column":19},"end":{"line":56,"column":41}},"20":{"start":{"line":58,"column":2},"end":{"line":71,"column":3}},"21":{"start":{"line":59,"column":4},"end":{"line":59,"column":23}},"22":{"start":{"line":60,"column":4},"end":{"line":70,"column":5}},"23":{"start":{"line":62,"column":6},"end":{"line":62,"column":30}},"24":{"start":{"line":63,"column":6},"end":{"line":68,"column":7}},"25":{"start":{"line":64,"column":8},"end":{"line":64,"column":37}},"26":{"start":{"line":65,"column":8},"end":{"line":67,"column":9}},"27":{"start":{"line":66,"column":10},"end":{"line":66,"column":21}},"28":{"start":{"line":69,"column":6},"end":{"line":69,"column":12}},"29":{"start":{"line":73,"column":2},"end":{"line":73,"column":22}}},"fnMap":{"0":{"name":"useTranslation","decl":{"start":{"line":19,"column":16},"end":{"line":19,"column":30}},"loc":{"start":{"line":19,"column":33},"end":{"line":51,"column":1}},"line":19},"1":{"name":"(anonymous_1)","decl":{"start":{"line":23,"column":12},"end":{"line":23,"column":13}},"loc":{"start":{"line":23,"column":45},"end":{"line":44,"column":3}},"line":23},"2":{"name":"getTranslation","decl":{"start":{"line":54,"column":16},"end":{"line":54,"column":30}},"loc":{"start":{"line":54,"column":83},"end":{"line":74,"column":1}},"line":54}},"branchMap":{"0":{"loc":{"start":{"line":29,"column":6},"end":{"line":40,"column":7}},"type":"if","locations":[{"start":{"line":29,"column":6},"end":{"line":40,"column":7}},{"start":{},"end":{}}],"line":29},"1":{"loc":{"start":{"line":34,"column":10},"end":{"line":37,"column":11}},"type":"if","locations":[{"start":{"line":34,"column":10},"end":{"line":37,"column":11}},{"start":{},"end":{}}],"line":34},"2":{"loc":{"start":{"line":43,"column":11},"end":{"line":43,"column":23}},"type":"binary-expr","locations":[{"start":{"line":43,"column":11},"end":{"line":43,"column":16}},{"start":{"line":43,"column":20},"end":{"line":43,"column":23}}],"line":43},"3":{"loc":{"start":{"line":60,"column":4},"end":{"line":70,"column":5}},"type":"if","locations":[{"start":{"line":60,"column":4},"end":{"line":70,"column":5}},{"start":{},"end":{}}],"line":60},"4":{"loc":{"start":{"line":65,"column":8},"end":{"line":67,"column":9}},"type":"if","locations":[{"start":{"line":65,"column":8},"end":{"line":67,"column":9}},{"start":{},"end":{}}],"line":65},"5":{"loc":{"start":{"line":73,"column":9},"end":{"line":73,"column":21}},"type":"binary-expr","locations":[{"start":{"line":73,"column":9},"end":{"line":73,"column":14}},{"start":{"line":73,"column":18},"end":{"line":73,"column":21}}],"line":73}},"s":{"0":0,"1":0,"2":0,"3":0,"4":0,"5":0,"6":0,"7":0,"8":0,"9":0,"10":0,"11":0,"12":0,"13":0,"14":0,"15":0,"16":0,"17":0,"18":0,"19":0,"20":0,"21":0,"22":0,"23":0,"24":0,"25":0,"26":0,"27":0,"28":0,"29":0},"f":{"0":0,"1":0,"2":0},"b":{"0":[0,0],"1":[0,0],"2":[0,0],"3":[0,0],"4":[0,0],"5":[0,0]}}
,"C:\\Users\\Manuka Honey\\Desktop\\timeing-box\\src\\hooks\\useVoiceRecording.ts": {"path":"C:\\Users\\Manuka Honey\\Desktop\\timeing-box\\src\\hooks\\useVoiceRecording.ts","statementMap":{"0":{"start":{"line":18,"column":36},"end":{"line":18,"column":74}},"1":{"start":{"line":19,"column":42},"end":{"line":19,"column":71}},"2":{"start":{"line":20,"column":52},"end":{"line":20,"column":63}},"3":{"start":{"line":21,"column":54},"end":{"line":21,"column":101}},"4":{"start":{"line":23,"column":22},"end":{"line":23,"column":40}},"5":{"start":{"line":25,"column":29},"end":{"line":46,"column":8}},"6":{"start":{"line":26,"column":4},"end":{"line":45,"column":5}},"7":{"start":{"line":27,"column":6},"end":{"line":27,"column":53}},"8":{"start":{"line":28,"column":23},"end":{"line":28,"column":60}},"9":{"start":{"line":29,"column":6},"end":{"line":29,"column":38}},"10":{"start":{"line":31,"column":6},"end":{"line":38,"column":7}},"11":{"start":{"line":32,"column":8},"end":{"line":36,"column":10}},"12":{"start":{"line":37,"column":8},"end":{"line":37,"column":21}},"13":{"start":{"line":40,"column":6},"end":{"line":40,"column":18}},"14":{"start":{"line":42,"column":6},"end":{"line":42,"column":67}},"15":{"start":{"line":43,"column":6},"end":{"line":43,"column":72}},"16":{"start":{"line":44,"column":6},"end":{"line":44,"column":19}},"17":{"start":{"line":48,"column":25},"end":{"line":82,"column":26}},"18":{"start":{"line":49,"column":4},"end":{"line":81,"column":5}},"19":{"start":{"line":51,"column":28},"end":{"line":51,"column":54}},"20":{"start":{"line":52,"column":6},"end":{"line":54,"column":7}},"21":{"start":{"line":53,"column":8},"end":{"line":53,"column":21}},"22":{"start":{"line":56,"column":6},"end":{"line":56,"column":43}},"23":{"start":{"line":59,"column":6},"end":{"line":62,"column":9}},"24":{"start":{"line":65,"column":42},"end":{"line":72,"column":7}},"25":{"start":{"line":68,"column":10},"end":{"line":70,"column":11}},"26":{"start":{"line":69,"column":12},"end":{"line":69,"column":61}},"27":{"start":{"line":74,"column":6},"end":{"line":74,"column":33}},"28":{"start":{"line":75,"column":6},"end":{"line":75,"column":52}},"29":{"start":{"line":76,"column":6},"end":{"line":76,"column":18}},"30":{"start":{"line":78,"column":6},"end":{"line":78,"column":57}},"31":{"start":{"line":79,"column":6},"end":{"line":79,"column":85}},"32":{"start":{"line":80,"column":6},"end":{"line":80,"column":19}},"33":{"start":{"line":84,"column":24},"end":{"line":115,"column":17}},"34":{"start":{"line":85,"column":4},"end":{"line":88,"column":5}},"35":{"start":{"line":86,"column":6},"end":{"line":86,"column":50}},"36":{"start":{"line":87,"column":6},"end":{"line":87,"column":18}},"37":{"start":{"line":90,"column":4},"end":{"line":114,"column":5}},"38":{"start":{"line":91,"column":6},"end":{"line":91,"column":43}},"39":{"start":{"line":93,"column":6},"end":{"line":93,"column":43}},"40":{"start":{"line":96,"column":6},"end":{"line":98,"column":9}},"41":{"start":{"line":100,"column":18},"end":{"line":100,"column":36}},"42":{"start":{"line":101,"column":6},"end":{"line":101,"column":50}},"43":{"start":{"line":103,"column":6},"end":{"line":103,"column":25}},"44":{"start":{"line":104,"column":6},"end":{"line":104,"column":27}},"45":{"start":{"line":105,"column":6},"end":{"line":105,"column":30}},"46":{"start":{"line":107,"column":6},"end":{"line":107,"column":17}},"47":{"start":{"line":109,"column":6},"end":{"line":109,"column":56}},"48":{"start":{"line":110,"column":6},"end":{"line":110,"column":75}},"49":{"start":{"line":111,"column":6},"end":{"line":111,"column":25}},"50":{"start":{"line":112,"column":6},"end":{"line":112,"column":30}},"51":{"start":{"line":113,"column":6},"end":{"line":113,"column":18}},"52":{"start":{"line":117,"column":25},"end":{"line":121,"column":8}},"53":{"start":{"line":118,"column":4},"end":{"line":118,"column":23}},"54":{"start":{"line":119,"column":4},"end":{"line":119,"column":26}},"55":{"start":{"line":120,"column":4},"end":{"line":120,"column":28}},"56":{"start":{"line":123,"column":2},"end":{"line":133,"column":4}}},"fnMap":{"0":{"name":"useVoiceRecording","decl":{"start":{"line":17,"column":16},"end":{"line":17,"column":33}},"loc":{"start":{"line":17,"column":56},"end":{"line":134,"column":1}},"line":17},"1":{"name":"(anonymous_1)","decl":{"start":{"line":25,"column":41},"end":{"line":25,"column":42}},"loc":{"start":{"line":25,"column":71},"end":{"line":46,"column":3}},"line":25},"2":{"name":"(anonymous_2)","decl":{"start":{"line":48,"column":37},"end":{"line":48,"column":38}},"loc":{"start":{"line":48,"column":67},"end":{"line":82,"column":3}},"line":48},"3":{"name":"(anonymous_3)","decl":{"start":{"line":67,"column":8},"end":{"line":67,"column":9}},"loc":{"start":{"line":67,"column":20},"end":{"line":71,"column":9}},"line":67},"4":{"name":"(anonymous_4)","decl":{"start":{"line":84,"column":36},"end":{"line":84,"column":37}},"loc":{"start":{"line":84,"column":72},"end":{"line":115,"column":3}},"line":84},"5":{"name":"(anonymous_5)","decl":{"start":{"line":117,"column":37},"end":{"line":117,"column":38}},"loc":{"start":{"line":117,"column":43},"end":{"line":121,"column":3}},"line":117}},"branchMap":{"0":{"loc":{"start":{"line":31,"column":6},"end":{"line":38,"column":7}},"type":"if","locations":[{"start":{"line":31,"column":6},"end":{"line":38,"column":7}},{"start":{},"end":{}}],"line":31},"1":{"loc":{"start":{"line":52,"column":6},"end":{"line":54,"column":7}},"type":"if","locations":[{"start":{"line":52,"column":6},"end":{"line":54,"column":7}},{"start":{},"end":{}}],"line":52},"2":{"loc":{"start":{"line":68,"column":10},"end":{"line":70,"column":11}},"type":"if","locations":[{"start":{"line":68,"column":10},"end":{"line":70,"column":11}},{"start":{},"end":{}}],"line":68},"3":{"loc":{"start":{"line":69,"column":33},"end":{"line":69,"column":59}},"type":"binary-expr","locations":[{"start":{"line":69,"column":33},"end":{"line":69,"column":54}},{"start":{"line":69,"column":58},"end":{"line":69,"column":59}}],"line":69},"4":{"loc":{"start":{"line":85,"column":4},"end":{"line":88,"column":5}},"type":"if","locations":[{"start":{"line":85,"column":4},"end":{"line":88,"column":5}},{"start":{},"end":{}}],"line":85}},"s":{"0":0,"1":0,"2":0,"3":0,"4":0,"5":0,"6":0,"7":0,"8":0,"9":0,"10":0,"11":0,"12":0,"13":0,"14":0,"15":0,"16":0,"17":0,"18":0,"19":0,"20":0,"21":0,"22":0,"23":0,"24":0,"25":0,"26":0,"27":0,"28":0,"29":0,"30":0,"31":0,"32":0,"33":0,"34":0,"35":0,"36":0,"37":0,"38":0,"39":0,"40":0,"41":0,"42":0,"43":0,"44":0,"45":0,"46":0,"47":0,"48":0,"49":0,"50":0,"51":0,"52":0,"53":0,"54":0,"55":0,"56":0},"f":{"0":0,"1":0,"2":0,"3":0,"4":0,"5":0},"b":{"0":[0,0],"1":[0,0],"2":[0,0],"3":[0,0],"4":[0,0]}}
,"C:\\Users\\Manuka Honey\\Desktop\\timeing-box\\src\\utils\\responsiveUtils.ts": {"path":"C:\\Users\\Manuka Honey\\Desktop\\timeing-box\\src\\utils\\responsiveUtils.ts","statementMap":{"0":{"start":{"line":4,"column":53},"end":{"line":4,"column":77}},"1":{"start":{"line":5,"column":20},"end":{"line":5,"column":50}},"2":{"start":{"line":6,"column":21},"end":{"line":6,"column":37}},"3":{"start":{"line":9,"column":28},"end":{"line":19,"column":10}},"4":{"start":{"line":22,"column":27},"end":{"line":29,"column":10}},"5":{"start":{"line":32,"column":29},"end":{"line":42,"column":1}},"6":{"start":{"line":33,"column":2},"end":{"line":38,"column":3}},"7":{"start":{"line":34,"column":4},"end":{"line":34,"column":70}},"8":{"start":{"line":34,"column":49},"end":{"line":34,"column":70}},"9":{"start":{"line":35,"column":4},"end":{"line":35,"column":72}},"10":{"start":{"line":35,"column":50},"end":{"line":35,"column":72}},"11":{"start":{"line":36,"column":4},"end":{"line":36,"column":70}},"12":{"start":{"line":36,"column":49},"end":{"line":36,"column":70}},"13":{"start":{"line":37,"column":4},"end":{"line":37,"column":31}},"14":{"start":{"line":40,"column":2},"end":{"line":40,"column":70}},"15":{"start":{"line":40,"column":48},"end":{"line":40,"column":70}},"16":{"start":{"line":41,"column":2},"end":{"line":41,"column":18}},"17":{"start":{"line":45,"column":27},"end":{"line":55,"column":10}},"18":{"start":{"line":58,"column":29},"end":{"line":69,"column":10}},"19":{"start":{"line":72,"column":25},"end":{"line":76,"column":1}},"20":{"start":{"line":73,"column":20},"end":{"line":73,"column":59}},"21":{"start":{"line":74,"column":23},"end":{"line":74,"column":63}},"22":{"start":{"line":75,"column":2},"end":{"line":75,"column":73}},"23":{"start":{"line":79,"column":29},"end":{"line":84,"column":1}},"24":{"start":{"line":80,"column":21},"end":{"line":80,"column":24}},"25":{"start":{"line":81,"column":22},"end":{"line":81,"column":47}},"26":{"start":{"line":82,"column":23},"end":{"line":82,"column":64}},"27":{"start":{"line":83,"column":2},"end":{"line":83,"column":73}},"28":{"start":{"line":87,"column":29},"end":{"line":89,"column":1}},"29":{"start":{"line":88,"column":2},"end":{"line":88,"column":50}},"30":{"start":{"line":92,"column":27},"end":{"line":101,"column":1}},"31":{"start":{"line":93,"column":20},"end":{"line":93,"column":45}},"32":{"start":{"line":94,"column":21},"end":{"line":94,"column":40}},"33":{"start":{"line":97,"column":25},"end":{"line":97,"column":47}},"34":{"start":{"line":98,"column":18},"end":{"line":98,"column":34}},"35":{"start":{"line":100,"column":2},"end":{"line":100,"column":43}},"36":{"start":{"line":104,"column":36},"end":{"line":114,"column":1}},"37":{"start":{"line":105,"column":2},"end":{"line":107,"column":3}},"38":{"start":{"line":106,"column":4},"end":{"line":106,"column":43}},"39":{"start":{"line":109,"column":2},"end":{"line":111,"column":3}},"40":{"start":{"line":110,"column":4},"end":{"line":110,"column":30}},"41":{"start":{"line":113,"column":2},"end":{"line":113,"column":21}},"42":{"start":{"line":117,"column":34},"end":{"line":142,"column":1}},"43":{"start":{"line":118,"column":22},"end":{"line":123,"column":3}},"44":{"start":{"line":126,"column":2},"end":{"line":132,"column":3}},"45":{"start":{"line":127,"column":4},"end":{"line":131,"column":6}},"46":{"start":{"line":134,"column":2},"end":{"line":139,"column":3}},"47":{"start":{"line":135,"column":4},"end":{"line":138,"column":6}},"48":{"start":{"line":141,"column":2},"end":{"line":141,"column":21}},"49":{"start":{"line":145,"column":28},"end":{"line":147,"column":1}},"50":{"start":{"line":146,"column":2},"end":{"line":146,"column":48}},"51":{"start":{"line":149,"column":29},"end":{"line":156,"column":1}},"52":{"start":{"line":150,"column":2},"end":{"line":150,"column":51}},"53":{"start":{"line":150,"column":38},"end":{"line":150,"column":51}},"54":{"start":{"line":151,"column":2},"end":{"line":151,"column":49}},"55":{"start":{"line":151,"column":37},"end":{"line":151,"column":49}},"56":{"start":{"line":152,"column":2},"end":{"line":152,"column":49}},"57":{"start":{"line":152,"column":37},"end":{"line":152,"column":49}},"58":{"start":{"line":153,"column":2},"end":{"line":153,"column":49}},"59":{"start":{"line":153,"column":37},"end":{"line":153,"column":49}},"60":{"start":{"line":154,"column":2},"end":{"line":154,"column":49}},"61":{"start":{"line":154,"column":37},"end":{"line":154,"column":49}},"62":{"start":{"line":155,"column":2},"end":{"line":155,"column":14}},"63":{"start":{"line":159,"column":30},"end":{"line":163,"column":1}},"64":{"start":{"line":160,"column":2},"end":{"line":160,"column":90}},"65":{"start":{"line":160,"column":28},"end":{"line":160,"column":90}},"66":{"start":{"line":161,"column":2},"end":{"line":161,"column":42}},"67":{"start":{"line":161,"column":33},"end":{"line":161,"column":42}},"68":{"start":{"line":162,"column":2},"end":{"line":162,"column":11}},"69":{"start":{"line":166,"column":35},"end":{"line":170,"column":1}},"70":{"start":{"line":167,"column":2},"end":{"line":167,"column":38}},"71":{"start":{"line":167,"column":28},"end":{"line":167,"column":38}},"72":{"start":{"line":168,"column":2},"end":{"line":168,"column":43}},"73":{"start":{"line":168,"column":33},"end":{"line":168,"column":43}},"74":{"start":{"line":169,"column":2},"end":{"line":169,"column":12}},"75":{"start":{"line":173,"column":32},"end":{"line":175,"column":1}},"76":{"start":{"line":174,"column":2},"end":{"line":174,"column":55}},"77":{"start":{"line":178,"column":27},"end":{"line":180,"column":1}},"78":{"start":{"line":179,"column":2},"end":{"line":179,"column":36}},"79":{"start":{"line":182,"column":26},"end":{"line":184,"column":1}},"80":{"start":{"line":183,"column":2},"end":{"line":183,"column":36}},"81":{"start":{"line":187,"column":18},"end":{"line":189,"column":1}},"82":{"start":{"line":188,"column":2},"end":{"line":188,"column":43}},"83":{"start":{"line":191,"column":18},"end":{"line":193,"column":1}},"84":{"start":{"line":192,"column":2},"end":{"line":192,"column":42}},"85":{"start":{"line":196,"column":37},"end":{"line":212,"column":1}},"86":{"start":{"line":204,"column":28},"end":{"line":204,"column":43}},"87":{"start":{"line":207,"column":2},"end":{"line":211,"column":19}},"88":{"start":{"line":218,"column":33},"end":{"line":239,"column":10}}},"fnMap":{"0":{"name":"(anonymous_0)","decl":{"start":{"line":32,"column":29},"end":{"line":32,"column":30}},"loc":{"start":{"line":32,"column":35},"end":{"line":42,"column":1}},"line":32},"1":{"name":"(anonymous_1)","decl":{"start":{"line":72,"column":25},"end":{"line":72,"column":26}},"loc":{"start":{"line":72,"column":51},"end":{"line":76,"column":1}},"line":72},"2":{"name":"(anonymous_2)","decl":{"start":{"line":79,"column":29},"end":{"line":79,"column":30}},"loc":{"start":{"line":79,"column":55},"end":{"line":84,"column":1}},"line":79},"3":{"name":"(anonymous_3)","decl":{"start":{"line":87,"column":29},"end":{"line":87,"column":30}},"loc":{"start":{"line":87,"column":77},"end":{"line":89,"column":1}},"line":87},"4":{"name":"(anonymous_4)","decl":{"start":{"line":92,"column":27},"end":{"line":92,"column":28}},"loc":{"start":{"line":92,"column":57},"end":{"line":101,"column":1}},"line":92},"5":{"name":"(anonymous_5)","decl":{"start":{"line":104,"column":36},"end":{"line":104,"column":37}},"loc":{"start":{"line":104,"column":69},"end":{"line":114,"column":1}},"line":104},"6":{"name":"(anonymous_6)","decl":{"start":{"line":117,"column":34},"end":{"line":117,"column":35}},"loc":{"start":{"line":117,"column":40},"end":{"line":142,"column":1}},"line":117},"7":{"name":"(anonymous_7)","decl":{"start":{"line":145,"column":28},"end":{"line":145,"column":29}},"loc":{"start":{"line":145,"column":79},"end":{"line":147,"column":1}},"line":145},"8":{"name":"(anonymous_8)","decl":{"start":{"line":149,"column":29},"end":{"line":149,"column":30}},"loc":{"start":{"line":149,"column":61},"end":{"line":156,"column":1}},"line":149},"9":{"name":"(anonymous_9)","decl":{"start":{"line":159,"column":30},"end":{"line":159,"column":31}},"loc":{"start":{"line":159,"column":44},"end":{"line":163,"column":1}},"line":159},"10":{"name":"(anonymous_10)","decl":{"start":{"line":166,"column":35},"end":{"line":166,"column":36}},"loc":{"start":{"line":166,"column":49},"end":{"line":170,"column":1}},"line":166},"11":{"name":"(anonymous_11)","decl":{"start":{"line":173,"column":32},"end":{"line":173,"column":33}},"loc":{"start":{"line":173,"column":65},"end":{"line":175,"column":1}},"line":173},"12":{"name":"(anonymous_12)","decl":{"start":{"line":178,"column":27},"end":{"line":178,"column":28}},"loc":{"start":{"line":178,"column":42},"end":{"line":180,"column":1}},"line":178},"13":{"name":"(anonymous_13)","decl":{"start":{"line":182,"column":26},"end":{"line":182,"column":27}},"loc":{"start":{"line":182,"column":41},"end":{"line":184,"column":1}},"line":182},"14":{"name":"(anonymous_14)","decl":{"start":{"line":187,"column":18},"end":{"line":187,"column":19}},"loc":{"start":{"line":187,"column":50},"end":{"line":189,"column":1}},"line":187},"15":{"name":"(anonymous_15)","decl":{"start":{"line":191,"column":18},"end":{"line":191,"column":19}},"loc":{"start":{"line":191,"column":50},"end":{"line":193,"column":1}},"line":191},"16":{"name":"(anonymous_16)","decl":{"start":{"
[...]
4,"column":16},"end":{"line":314,"column":31}},"loc":{"start":{"line":314,"column":61},"end":{"line":316,"column":1}},"line":314},"12":{"name":"isTask","decl":{"start":{"line":323,"column":16},"end":{"line":323,"column":22}},"loc":{"start":{"line":323,"column":50},"end":{"line":326,"column":1}},"line":323},"13":{"name":"isUser","decl":{"start":{"line":333,"column":16},"end":{"line":333,"column":22}},"loc":{"start":{"line":333,"column":50},"end":{"line":336,"column":1}},"line":333},"14":{"name":"isAppState","decl":{"start":{"line":343,"column":16},"end":{"line":343,"column":26}},"loc":{"start":{"line":343,"column":58},"end":{"line":346,"column":1}},"line":343}},"branchMap":{"0":{"loc":{"start":{"line":37,"column":50},"end":{"line":37,"column":76}},"type":"default-arg","locations":[{"start":{"line":37,"column":74},"end":{"line":37,"column":76}}],"line":37},"1":{"loc":{"start":{"line":41,"column":2},"end":{"line":45,"column":3}},"type":"if","locations":[{"start":{"line":41,"column":2},"end":{"line":45,"column":3}},{"start":{},"end":{}}],"line":41},"2":{"loc":{"start":{"line":42,"column":4},"end":{"line":44,"column":5}},"type":"if","locations":[{"start":{"line":42,"column":4},"end":{"line":44,"column":5}},{"start":{},"end":{}}],"line":42},"3":{"loc":{"start":{"line":42,"column":8},"end":{"line":42,"column":50}},"type":"binary-expr","locations":[{"start":{"line":42,"column":8},"end":{"line":42,"column":34}},{"start":{"line":42,"column":38},"end":{"line":42,"column":50}}],"line":42},"4":{"loc":{"start":{"line":48,"column":2},"end":{"line":56,"column":3}},"type":"if","locations":[{"start":{"line":48,"column":2},"end":{"line":56,"column":3}},{"start":{"line":50,"column":9},"end":{"line":56,"column":3}}],"line":48},"5":{"loc":{"start":{"line":48,"column":6},"end":{"line":48,"column":51}},"type":"binary-expr","locations":[{"start":{"line":48,"column":6},"end":{"line":48,"column":29}},{"start":{"line":48,"column":33},"end":{"line":48,"column":51}}],"line":48},"6":{"loc":{"start":{"line":50,"column":9},"end":{"line":56,"column":3}},"type":"if","locations":[{"start":{"line":50,"column":9},"end":{"line":56,"column":3}},{"start":{"line":52,"column":9},"end":{"line":56,"column":3}}],"line":50},"7":{"loc":{"start":{"line":52,"column":9},"end":{"line":56,"column":3}},"type":"if","locations":[{"start":{"line":52,"column":9},"end":{"line":56,"column":3}},{"start":{"line":54,"column":9},"end":{"line":56,"column":3}}],"line":52},"8":{"loc":{"start":{"line":54,"column":9},"end":{"line":56,"column":3}},"type":"if","locations":[{"start":{"line":54,"column":9},"end":{"line":56,"column":3}},{"start":{},"end":{}}],"line":54},"9":{"loc":{"start":{"line":59,"column":2},"end":{"line":65,"column":3}},"type":"if","locations":[{"start":{"line":59,"column":2},"end":{"line":65,"column":3}},{"start":{"line":61,"column":9},"end":{"line":65,"column":3}}],"line":59},"10":{"loc":{"start":{"line":59,"column":6},"end":{"line":59,"column":61}},"type":"binary-expr","locations":[{"start":{"line":59,"column":6},"end":{"line":59,"column":34}},{"start":{"line":59,"column":38},"end":{"line":59,"column":61}}],"line":59},"11":{"loc":{"start":{"line":61,"column":9},"end":{"line":65,"column":3}},"type":"if","locations":[{"start":{"line":61,"column":9},"end":{"line":65,"column":3}},{"start":{"line":63,"column":9},"end":{"line":65,"column":3}}],"line":61},"12":{"loc":{"start":{"line":63,"column":9},"end":{"line":65,"column":3}},"type":"if","locations":[{"start":{"line":63,"column":9},"end":{"line":65,"column":3}},{"start":{},"end":{}}],"line":63},"13":{"loc":{"start":{"line":63,"column":13},"end":{"line":63,"column":55}},"type":"binary-expr","locations":[{"start":{"line":63,"column":13},"end":{"line":63,"column":31}},{"start":{"line":63,"column":35},"end":{"line":63,"column":55}}],"line":63},"14":{"loc":{"start":{"line":68,"column":2},"end":{"line":76,"column":3}},"type":"if","locations":[{"start":{"line":68,"column":2},"end":{"line":76,"column":3}},{"start":{"line":70,"column":9},"end":{"line":76,"column":3}}],"line":68},"15":{"loc":{"start":{"line":68,"column":6},"end":{"line":68,"column":59}},"type":"binary-expr","locations":[{"start":{"line":68,"column":6},"end":{"line":68,"column":33}},{"start":{"line":68,"column":37},"end":{"line":68,"column":59}}],"line":68},"16":{"loc":{"start":{"line":70,"column":9},"end":{"line":76,"column":3}},"type":"if","locations":[{"start":{"line":70,"column":9},"end":{"line":76,"column":3}},{"start":{"line":72,"column":9},"end":{"line":76,"column":3}}],"line":70},"17":{"loc":{"start":{"line":72,"column":9},"end":{"line":76,"column":3}},"type":"if","locations":[{"start":{"line":72,"column":9},"end":{"line":76,"column":3}},{"start":{"line":74,"column":9},"end":{"line":76,"column":3}}],"line":72},"18":{"loc":{"start":{"line":74,"column":9},"end":{"line":76,"column":3}},"type":"if","locations":[{"start":{"line":74,"column":9},"end":{"line":76,"column":3}},{"start":{},"end":{}}],"line":74},"19":{"loc":{"start":{"line":79,"column":2},"end":{"line":85,"column":3}},"type":"if","locations":[{"start":{"line":79,"column":2},"end":{"line":85,"column":3}},{"start":{},"end":{}}],"line":79},"20":{"loc":{"start":{"line":80,"column":4},"end":{"line":82,"column":39}},"type":"binary-expr","locations":[{"start":{"line":80,"column":4},"end":{"line":80,"column":38}},{"start":{"line":81,"column":4},"end":{"line":81,"column":37}},{"start":{"line":82,"column":4},"end":{"line":82,"column":39}}],"line":80},"21":{"loc":{"start":{"line":88,"column":2},"end":{"line":90,"column":3}},"type":"if","locations":[{"start":{"line":88,"column":2},"end":{"line":90,"column":3}},{"start":{},"end":{}}],"line":88},"22":{"loc":{"start":{"line":88,"column":6},"end":{"line":88,"column":73}},"type":"binary-expr","locations":[{"start":{"line":88,"column":6},"end":{"line":88,"column":34}},{"start":{"line":88,"column":38},"end":{"line":88,"column":73}}],"line":88},"23":{"loc":{"start":{"line":93,"column":2},"end":{"line":99,"column":3}},"type":"if","locations":[{"start":{"line":93,"column":2},"end":{"line":99,"column":3}},{"start":{"line":95,"column":9},"end":{"line":99,"column":3}}],"line":93},"24":{"loc":{"start":{"line":93,"column":6},"end":{"line":93,"column":53}},"type":"binary-expr","locations":[{"start":{"line":93,"column":6},"end":{"line":93,"column":30}},{"start":{"line":93,"column":34},"end":{"line":93,"column":53}}],"line":93},"25":{"loc":{"start":{"line":95,"column":9},"end":{"line":99,"column":3}},"type":"if","locations":[{"start":{"line":95,"column":9},"end":{"line":99,"column":3}},{"start":{"line":97,"column":9},"end":{"line":99,"column":3}}],"line":95},"26":{"loc":{"start":{"line":97,"column":9},"end":{"line":99,"column":3}},"type":"if","locations":[{"start":{"line":97,"column":9},"end":{"line":99,"column":3}},{"start":{},"end":{}}],"line":97},"27":{"loc":{"start":{"line":116,"column":2},"end":{"line":122,"column":3}},"type":"if","locations":[{"start":{"line":116,"column":2},"end":{"line":122,"column":3}},{"start":{"line":118,"column":9},"end":{"line":122,"column":3}}],"line":116},"28":{"loc":{"start":{"line":116,"column":6},"end":{"line":116,"column":47}},"type":"binary-expr","locations":[{"start":{"line":116,"column":6},"end":{"line":116,"column":27}},{"start":{"line":116,"column":31},"end":{"line":116,"column":47}}],"line":116},"29":{"loc":{"start":{"line":118,"column":9},"end":{"line":122,"column":3}},"type":"if","locations":[{"start":{"line":118,"column":9},"end":{"line":122,"column":3}},{"start":{"line":120,"column":9},"end":{"line":122,"column":3}}],"line":118},"30":{"loc":{"start":{"line":120,"column":9},"end":{"line":122,"column":3}},"type":"if","locations":[{"start":{"line":120,"column":9},"end":{"line":122,"column":3}},{"start":{},"end":{}}],"line":120},"31":{"loc":{"start":{"line":125,"column":2},"end":{"line":133,"column":3}},"type":"if","locations":[{"start":{"line":125,"column":2},"end":{"line":133,"column":3}},{"start":{"line":127,"column":9},"end":{"line":133,"column":3}}],"line":125},"32":{"loc":{"start":{"line":125,"column":6},"end":{"line":125,"column":51}},"type":"binary-expr","locations":[{"start":{"line":125,"column":6},"end":{"line":125,"column":29}},{"start":{"line":125,"column":33},"end":{"line":125,"column":51}}],"line":125},"33":{"loc":{"start":{"line":127,"column":9},"end":{"line":133,"column":3}},"type":"if","locations":[{"start":{"line":127,"column":9},"end":{"line":133,"column":3}},{"start":{"line":129,"column":9},"end":{"line":133,"column":3}}],"line":127},"34":{"loc":{"start":{"line":129,"column":9},"end":{"line":133,"column":3}},"type":"if","locations":[{"start":{"line":129,"column":9},"end":{"line":133,"column":3}},{"start":{"line":131,"column":9},"end":{"line":133,"column":3}}],"line":129},"35":{"loc":{"start":{"line":131,"column":9},"end":{"line":133,"column":3}},"type":"if","locations":[{"start":{"line":131,"column":9},"end":{"line":133,"column":3}},{"start":{},"end":{}}],"line":131},"36":{"loc":{"start":{"line":136,"column":2},"end":{"line":142,"column":3}},"type":"if","locations":[{"start":{"line":136,"column":2},"end":{"line":142,"column":3}},{"start":{"line":138,"column":9},"end":{"line":142,"column":3}}],"line":136},"37":{"loc":{"start":{"line":136,"column":6},"end":{"line":136,"column":53}},"type":"binary-expr","locations":[{"start":{"line":136,"column":6},"end":{"line":136,"column":30}},{"start":{"line":136,"column":34},"end":{"line":136,"column":53}}],"line":136},"38":{"loc":{"start":{"line":138,"column":9},"end":{"line":142,"column":3}},"type":"if","locations":[{"start":{"line":138,"column":9},"end":{"line":142,"column":3}},{"start":{"line":140,"column":9},"end":{"line":142,"column":3}}],"line":138},"39":{"loc":{"start":{"line":140,"column":9},"end":{"line":142,"column":3}},"type":"if","locations":[{"start":{"line":140,"column":9},"end":{"line":142,"column":3}},{"start":{},"end":{}}],"line":140},"40":{"loc":{"start":{"line":159,"column":2},"end":{"line":175,"column":3}},"type":"if","locations":[{"start":{"line":159,"column":2},"end":{"line":175,"column":3}},{"start":{},"end":{}}],"line":159},"41":{"loc":{"start":{"line":160,"column":4},"end":{"line":174,"column":5}},"type":"if","locations":[{"start":{"line":160,"column":4},"end":{"line":174,"column":5}},{"start":{"line":162,"column":11},"end":{"line":174,"column":5}}],"line":160},"42":{"loc":{"start":{"line":165,"column":8},"end":{"line":172,"column":9}},"type":"if","locations":[{"start":{"line":165,"column":8},"end":{"line":172,"column":9}},{"start":{},"end":{}}],"line":165},"43":{"loc":{"start":{"line":178,"column":2},"end":{"line":180,"column":3}},"type":"if","locations":[{"start":{"line":178,"column":2},"end":{"line":180,"column":3}},{"start":{},"end":{}}],"line":178},"44":{"loc":{"start":{"line":178,"column":6},"end":{"line":178,"column":79}},"type":"binary-expr","locations":[{"start":{"line":178,"column":6},"end":{"line":178,"column":37}},{"start":{"line":178,"column":41},"end":{"line":178,"column":79}}],"line":178},"45":{"loc":{"start":{"line":183,"column":2},"end":{"line":189,"column":3}},"type":"if","locations":[{"start":{"line":183,"column":2},"end":{"line":189,"column":3}},{"start":{},"end":{}}],"line":183},"46":{"loc":{"start":{"line":184,"column":4},"end":{"line":188,"column":5}},"type":"if","locations":[{"start":{"line":184,"column":4},"end":{"line":188,"column":5}},{"start":{"line":186,"column":11},"end":{"line":188,"column":5}}],"line":184},"47":{"loc":{"start":{"line":186,"column":11},"end":{"line":188,"column":5}},"type":"if","locations":[{"start":{"line":186,"column":11},"end":{"line":188,"column":5}},{"start":{},"end":{}}],"line":186},"48":{"loc":{"start":{"line":192,"column":2},"end":{"line":198,"column":3}},"type":"if","locations":[{"start":{"line":192,"column":2},"end":{"line":198,"column":3}},{"start":{},"end":{}}],"line":192},"49":{"loc":{"start":{"line":193,"column":4},"end":{"line":197,"column":5}},"type":"if","locations":[{"start":{"line":193,"column":4},"end":{"line":197,"column":5}},{"start":{"line":195,"column":11},"end":{"line":197,"column":5}}],"line":193},"50":{"loc":{"start":{"line":195,"column":11},"end":{"line":197,"column":5}},"type":"if","locations":[{"start":{"line":195,"column":11},"end":{"line":197,"column":5}},{"start":{},"end":{}}],"line":195},"51":{"loc":{"start":{"line":201,"column":2},"end":{"line":203,"column":3}},"type":"if","locations":[{"start":{"line":201,"column":2},"end":{"line":203,"column":3}},{"start":{},"end":{}}],"line":201},"52":{"loc":{"start":{"line":201,"column":6},"end":{"line":201,"column":75}},"type":"binary-expr","locations":[{"start":{"line":201,"column":6},"end":{"line":201,"column":35}},{"start":{"line":201,"column":39},"end":{"line":201,"column":75}}],"line":201},"53":{"loc":{"start":{"line":206,"column":2},"end":{"line":216,"column":3}},"type":"if","locations":[{"start":{"line":206,"column":2},"end":{"line":216,"column":3}},{"start":{},"end":{}}],"line":206},"54":{"loc":{"start":{"line":206,"column":6},"end":{"line":206,"column":53}},"type":"binary-expr","locations":[{"start":{"line":206,"column":6},"end":{"line":206,"column":30}},{"start":{"line":206,"column":34},"end":{"line":206,"column":53}}],"line":206},"55":{"loc":{"start":{"line":208,"column":4},"end":{"line":215,"column":5}},"type":"if","locations":[{"start":{"line":208,"column":4},"end":{"line":215,"column":5}},{"start":{},"end":{}}],"line":208},"56":{"loc":{"start":{"line":219,"column":2},"end":{"line":225,"column":3}},"type":"if","locations":[{"start":{"line":219,"column":2},"end":{"line":225,"column":3}},{"start":{},"end":{}}],"line":219},"57":{"loc":{"start":{"line":220,"column":4},"end":{"line":224,"column":5}},"type":"if","locations":[{"start":{"line":220,"column":4},"end":{"line":224,"column":5}},{"start":{"line":222,"column":11},"end":{"line":224,"column":5}}],"line":220},"58":{"loc":{"start":{"line":222,"column":11},"end":{"line":224,"column":5}},"type":"if","locations":[{"start":{"line":222,"column":11},"end":{"line":224,"column":5}},{"start":{},"end":{}}],"line":222},"59":{"loc":{"start":{"line":241,"column":2},"end":{"line":243,"column":3}},"type":"if","locations":[{"start":{"line":241,"column":2},"end":{"line":243,"column":3}},{"start":{},"end":{}}],"line":241},"60":{"loc":{"start":{"line":241,"column":6},"end":{"line":241,"column":77}},"type":"binary-expr","locations":[{"start":{"line":241,"column":6},"end":{"line":241,"column":33}},{"start":{"line":241,"column":37},"end":{"line":241,"column":62}},{"start":{"line":241,"column":66},"end":{"line":241,"column":77}}],"line":241},"61":{"loc":{"start":{"line":245,"column":2},"end":{"line":247,"column":3}},"type":"if","locations":[{"start":{"line":245,"column":2},"end":{"line":247,"column":3}},{"start":{},"end":{}}],"line":245},"62":{"loc":{"start":{"line":249,"column":2},"end":{"line":251,"column":3}},"type":"if","locations":[{"start":{"line":249,"column":2},"end":{"line":251,"column":3}},{"start":{},"end":{}}],"line":249},"63":{"loc":{"start":{"line":249,"column":6},"end":{"line":249,"column":76}},"type":"binary-expr","locations":[{"start":{"line":249,"column":6},"end":{"line":249,"column":40}},{"start":{"line":249,"column":44},"end":{"line":249,"column":76}}],"line":249},"64":{"loc":{"start":{"line":253,"column":2},"end":{"line":255,"column":3}},"type":"if","locations":[{"start":{"line":253,"column":2},"end":{"line":255,"column":3}},{"start":{},"end":{}}],"line":253},"65":{"loc":{"start":{"line":253,"column":6},"end":{"line":253,"column":74}},"type":"binary-expr","locations":[{"start":{"line":253,"column":6},"end":{"line":253,"column":39}},{"start":{"line":253,"column":43},"end":{"line":253,"column":74}}],"line":253},"66":{"loc":{"start":{"line":257,"column":2},"end":{"line":259,"column":3}},"type":"if","locations":[{"start":{"line":257,"column":2},"end":{"line":259,"column":3}},{"start":{},"end":{}}],"line":257},"67":{"loc":{"start":{"line":261,"column":2},"end":{"line":263,"column":3}},"type":"if","locations":[{"start":{"line":261,"column":2},"end":{"line":263,"column":3}},{"start":{},"end":{}}],"line":261},"68":{"loc":{"start":{"line":261,"column":6},"end":{"line":261,"column":93}},"type":"binary-expr","locations":[{"start":{"line":261,"column":6},"end":{"line":261,"column":36}},{"start":{"line":261,"column":40},"end":{"line":261,"column":93}}],"line":261},"69":{"loc":{"start":{"line":276,"column":2},"end":{"line":278,"column":3}},"type":"if","locations":[{"start":{"line":276,"column":2},"end":{"line":278,"column":3}},{"start":{},"end":{}}],"line":276},"70":{"loc":{"start":{"line":280,"column":2},"end":{"line":282,"column":3}},"type":"if","locations":[{"start":{"line":280,"column":2},"end":{"line":282,"column":3}},{"start":{},"end":{}}],"line":280},"71":{"loc":{"start":{"line":284,"column":2},"end":{"line":286,"column":3}},"type":"if","locations":[{"start":{"line":284,"column":2},"end":{"line":286,"column":3}},{"start":{},"end":{}}],"line":284},"72":{"loc":{"start":{"line":297,"column":9},"end":{"line":297,"column":86}},"type":"binary-expr","locations":[{"start":{"line":297,"column":9},"end":{"line":297,"column":34}},{"start":{"line":297,"column":38},"end":{"line":297,"column":86}}],"line":297},"73":{"loc":{"start":{"line":306,"column":9},"end":{"line":306,"column":90}},"type":"binary-expr","locations":[{"start":{"line":306,"column":9},"end":{"line":306,"column":34}},{"start":{"line":306,"column":38},"end":{"line":306,"column":61}},{"start":{"line":306,"column":65},"end":{"line":306,"column":75}},{"start":{"line":306,"column":79},"end":{"line":306,"column":90}}],"line":306},"74":{"loc":{"start":{"line":315,"column":9},"end":{"line":315,"column":90}},"type":"binary-expr","locations":[{"start":{"line":315,"column":9},"end":{"line":315,"column":34}},{"start":{"line":315,"column":38},"end":{"line":315,"column":61}},{"start":{"line":315,"column":65},"end":{"line":315,"column":75}},{"start":{"line":315,"column":79},"end":{"line":315,"column":90}}],"line":315}},"s":{"0":50,"1":28,"2":28,"3":25,"4":4,"5":27,"6":2,"7":25,"8":1,"9":24,"10":1,"11":23,"12":1,"13":27,"14":2,"15":25,"16":0,"17":25,"18":3,"19":27,"20":2,"21":25,"22":0,"23":25,"24":2,"25":23,"26":1,"27":27,"28":4,"29":27,"30":0,"31":27,"32":2,"33":25,"34":0,"35":25,"36":4,"37":27,"38":13,"39":13,"40":2,"41":10,"42":0,"43":10,"44":0,"45":12,"46":2,"47":10,"48":0,"49":10,"50":0,"51":10,"52":1,"53":12,"54":2,"55":10,"56":0,"57":10,"58":5,"59":12,"60":15,"61":15,"62":14,"63":2,"64":12,"65":1,"66":1,"67":1,"68":3,"69":14,"70":0,"71":14,"72":12,"73":0,"74":12,"75":0,"76":14,"77":12,"78":2,"79":10,"80":1,"81":14,"82":0,"83":14,"84":0,"85":0,"86":0,"87":0,"88":14,"89":12,"90":1,"91":11,"92":3,"93":14,"94":3,"95":3,"96":0,"97":3,"98":2,"99":3,"100":1,"101":3,"102":1,"103":3,"104":1,"105":3,"106":1,"107":3,"108":2,"109":2,"110":1,"111":2,"112":2,"113":2,"114":1,"115":2,"116":10,"117":8,"118":9,"119":3,"120":2,"121":3,"122":2,"123":3,"124":2},"f":{"0":50,"1":28,"2":13,"3":15,"4":1,"5":3,"6":0,"7":3,"8":2,"9":10,"10":8,"11":9,"12":3,"13":3,"14":3},"b":{"0":[28],"1":[25,2],"2":[4,21],"3":[25,23],"4":[2,25],"5":[27,25],"6":[1,24],"7":[1,23],"8":[1,22],"9":[2,25],"10":[27,25],"11":[0,25],"12":[3,22],"13":[25,24],"14":[2,25],"15":[27,25],"16":[0,25],"17":[2,23],"18":[1,22],"19":[4,23],"20":[27,25,25],"21":[0,27],"22":[27,25],"23":[2,25],"24":[27,25],"25":[0,25],"26":[4,21],"27":[2,10],"28":[13,10],"29":[0,10],"30":[0,10],"31":[2,10],"32":[12,10],"33":[0,10],"34":[0,10],"35":[1,9],"36":[2,10],"37":[12,10],"38":[0,10],"39":[5,5],"40":[14,0],"41":[2,12],"42":[1,0],"43":[0,14],"44":[14,12],"45":[12,2],"46":[0,12],"47":[0,12],"48":[12,2],"49":[2,10],"50":[1,9],"51":[0,14],"52":[14,13],"53":[0,14],"54":[14,0],"55":[0,0],"56":[12,2],"57":[1,11],"58":[3,8],"59":[0,3],"60":[3,1,0],"61":[2,1],"62":[1,2],"63":[3,1],"64":[1,2],"65":[3,1],"66":[1,2],"67":[1,2],"68":[3,2],"69":[1,1],"70":[2,0],"71":[1,1],"72":[10,8],"73":[8,6,5,4],"74":[9,7,6,4]},"_coverageSchema":"1a1c01bbd47fc00a2c39e90264f33305004495a9","hash":"e4e831438bf7b7e37403e8ed63f0cf86c6327821"}
}
