TN:
SF:src\hooks\useAsyncStorage.ts
FN:4,useAsyncStorage
FN:8,(anonymous_1)
FN:9,(anonymous_2)
FN:25,(anonymous_3)
FNF:4
FNH:0
FNDA:0,useAsyncStorage
FNDA:0,(anonymous_1)
FNDA:0,(anonymous_2)
FNDA:0,(anonymous_3)
DA:5,0
DA:6,0
DA:8,0
DA:9,0
DA:10,0
DA:11,0
DA:12,0
DA:13,0
DA:16,0
DA:18,0
DA:22,0
DA:25,0
DA:26,0
DA:27,0
DA:28,0
DA:30,0
DA:34,0
LF:17
LH:0
BRDA:12,0,0,0
BRDA:12,0,1,0
BRF:2
BRH:0
end_of_record
TN:
SF:src\hooks\useEnhancedStorage.ts
FN:8,useEnhancedStorage
FN:21,(anonymous_1)
FN:24,(anonymous_2)
FN:31,(anonymous_3)
FN:32,(anonymous_4)
FN:63,(anonymous_5)
FN:84,(anonymous_6)
FN:95,(anonymous_7)
FN:111,(anonymous_8)
FN:131,(anonymous_9)
FN:143,(anonymous_10)
FN:156,(anonymous_11)
FN:175,(anonymous_12)
FNF:13
FNH:0
FNDA:0,useEnhancedStorage
FNDA:0,(anonymous_1)
FNDA:0,(anonymous_2)
FNDA:0,(anonymous_3)
FNDA:0,(anonymous_4)
FNDA:0,(anonymous_5)
FNDA:0,(anonymous_6)
FNDA:0,(anonymous_7)
FNDA:0,(anonymous_8)
FNDA:0,(anonymous_9)
FNDA:0,(anonymous_10)
FNDA:0,(anonymous_11)
FNDA:0,(anonymous_12)
DA:13,0
DA:14,0
DA:15,0
DA:17,0
DA:18,0
DA:21,0
DA:22,0
DA:24,0
DA:25,0
DA:26,0
DA:31,0
DA:32,0
DA:33,0
DA:34,0
DA:35,0
DA:37,0
DA:38,0
DA:39,0
DA:42,0
DA:43,0
DA:44,0
DA:45,0
DA:46,0
DA:49,0
DA:50,0
DA:55,0
DA:56,0
DA:63,0
DA:64,0
DA:65,0
DA:66,0
DA:68,0
DA:69,0
DA:71,0
DA:74,0
DA:75,0
DA:76,0
DA:77,0
DA:84,0
DA:85,0
DA:86,0
DA:88,0
DA:95,0
DA:96,0
DA:97,0
DA:98,0
DA:99,0
DA:101,0
DA:102,0
DA:103,0
DA:104,0
DA:111,0
DA:112,0
DA:113,0
DA:114,0
DA:115,0
DA:116,0
DA:117,0
DA:119,0
DA:121,0
DA:122,0
DA:123,0
DA:124,0
DA:131,0
DA:132,0
DA:133,0
DA:135,0
DA:136,0
DA:143,0
DA:144,0
DA:145,0
DA:146,0
DA:148,0
DA:149,0
DA:156,0
DA:157,0
DA:158,0
DA:159,0
DA:160,0
DA:161,0
DA:163,0
DA:165,0
DA:166,0
DA:167,0
DA:168,0
DA:175,0
DA:176,0
DA:177,0
DA:184,0
DA:185,0
DA:194,0
LF:91
LH:0
BRDA:38,0,0,0
BRDA:38,0,1,0
BRDA:38,1,0,0
BRDA:38,1,1,0
BRDA:44,2,0,0
BRDA:44,2,1,0
BRDA:49,3,0,0
BRDA:49,3,1,0
BRDA:55,4,0,0
BRDA:55,4,1,0
BRDA:63,5,0,0
BRDA:68,6,0,0
BRDA:68,6,1,0
BRDA:99,7,0,0
BRDA:99,7,1,0
BRDA:115,8,0,0
BRDA:115,8,1,0
BRDA:115,9,0,0
BRDA:115,9,1,0
BRDA:133,10,0,0
BRDA:133,10,1,0
BRDA:160,11,0,0
BRDA:160,11,1,0
BRDA:177,12,0,0
BRDA:177,12,1,0
BRF:25
BRH:0
end_of_record
TN:
SF:src\hooks\useLocalStorage.ts
FN:11,useLocalStorage
FN:23,(anonymous_1)
FN:56,(anonymous_2)
FN:78,(anonymous_3)
FN:94,(anonymous_4)
FN:105,(anonymous_5)
FNF:6
FNH:0
FNDA:0,useLocalStorage
FNDA:0,(anonymous_1)
FNDA:0,(anonymous_2)
FNDA:0,(anonymous_3)
FNDA:0,(anonymous_4)
FNDA:0,(anonymous_5)
DA:16,0
DA:17,0
DA:18,0
DA:23,0
DA:24,0
DA:25,0
DA:26,0
DA:28,0
DA:29,0
DA:30,0
DA:33,0
DA:34,0
DA:35,0
DA:36,0
DA:39,0
DA:41,0
DA:44,0
DA:45,0
DA:46,0
DA:47,0
DA:49,0
DA:56,0
DA:57,0
DA:58,0
DA:61,0
DA:62,0
DA:65,0
DA:66,0
DA:68,0
DA:69,0
DA:70,0
DA:71,0
DA:78,0
DA:79,0
DA:80,0
DA:81,0
DA:82,0
DA:84,0
DA:85,0
DA:86,0
DA:87,0
DA:94,0
DA:95,0
DA:96,0
DA:97,0
DA:99,0
DA:100,0
DA:105,0
DA:106,0
DA:109,0
DA:123,0
LF:51
LH:0
BRDA:29,0,0,0
BRDA:29,0,1,0
BRDA:33,1,0,0
BRDA:33,1,1,0
BRDA:33,2,0,0
BRDA:33,2,1,0
BRDA:61,3,0,0
BRDA:61,3,1,0
BRDA:61,4,0,0
BRDA:61,4,1,0
BRF:10
BRH:0
end_of_record
TN:
SF:src\hooks\useTaskManagement.ts
FN:8,useTaskManagement
FN:17,(anonymous_1)
FN:25,(anonymous_2)
FN:38,(anonymous_3)
FN:43,(anonymous_4)
FN:43,(anonymous_5)
FN:62,(anonymous_6)
FN:66,(anonymous_7)
FN:67,(anonymous_8)
FN:88,(anonymous_9)
FN:89,(anonymous_10)
FN:96,(anonymous_11)
FN:105,(anonymous_12)
FN:106,(anonymous_13)
FN:113,(anonymous_14)
FNF:15
FNH:0
FNDA:0,useTaskManagement
FNDA:0,(anonymous_1)
FNDA:0,(anonymous_2)
FNDA:0,(anonymous_3)
FNDA:0,(anonymous_4)
FNDA:0,(anonymous_5)
FNDA:0,(anonymous_6)
FNDA:0,(anonymous_7)
FNDA:0,(anonymous_8)
FNDA:0,(anonymous_9)
FNDA:0,(anonymous_10)
FNDA:0,(anonymous_11)
FNDA:0,(anonymous_12)
FNDA:0,(anonymous_13)
FNDA:0,(anonymous_14)
DA:9,0
DA:10,0
DA:17,0
DA:18,0
DA:19,0
DA:20,0
DA:25,0
DA:26,0
DA:28,0
DA:38,0
DA:39,0
DA:40,0
DA:41,0
DA:43,0
DA:44,0
DA:45,0
DA:46,0
DA:48,0
DA:51,0
DA:53,0
DA:62,0
DA:63,0
DA:64,0
DA:65,0
DA:66,0
DA:67,0
DA:68,0
DA:69,0
DA:70,0
DA:72,0
DA:74,0
DA:77,0
DA:79,0
DA:88,0
DA:89,0
DA:96,0
DA:97,0
DA:105,0
DA:106,0
DA:113,0
DA:114,0
DA:115,0
DA:116,0
DA:118,0
DA:122,0
LF:45
LH:0
BRDA:44,0,0,0
BRDA:44,0,1,0
BRDA:68,1,0,0
BRDA:68,1,1,0
BRDA:89,2,0,0
BRDA:89,2,1,0
BRF:6
BRH:0
end_of_record
TN:
SF:src\hooks\useTaskManager.ts
FN:17,useTaskManager
FN:26,(anonymous_1)
FN:39,(anonymous_2)
FN:58,(anonymous_3)
FN:61,(anonymous_4)
FN:74,(anonymous_5)
FN:79,(anonymous_6)
FN:93,(anonymous_7)
FN:96,(anonymous_8)
FN:110,(anonymous_9)
FN:124,(anonymous_10)
FN:138,(anonymous_11)
FN:161,(anonymous_12)
FN:169,(anonymous_13)
FN:181,(anonymous_14)
FN:182,(anonymous_15)
FN:194,(anonymous_16)
FN:195,(anonymous_17)
FN:210,(anonymous_18)
FN:211,(anonymous_19)
FN:226,(anonymous_20)
FN:227,(anonymous_21)
FN:238,(anonymous_22)
FN:239,(anonymous_23)
FN:254,(anonymous_24)
FN:255,(anonymous_25)
FN:267,(anonymous_26)
FN:268,(anonymous_27)
FN:273,(anonymous_28)
FNF:29
FNH:0
FNDA:0,useTaskManager
FNDA:0,(anonymous_1)
FNDA:0,(anonymous_2)
FNDA:0,(anonymous_3)
FNDA:0,(anonymous_4)
FNDA:0,(anonymous_5)
FNDA:0,(anonymous_6)
FNDA:0,(anonymous_7)
FNDA:0,(anonymous_8)
FNDA:0,(anonymous_9)
FNDA:0,(anonymous_10)
FNDA:0,(anonymous_11)
FNDA:0,(anonymous_12)
FNDA:0,(anonymous_13)
FNDA:0,(anonymous_14)
FNDA:0,(anonymous_15)
FNDA:0,(anonymous_16)
FNDA:0,(anonymous_17)
FNDA:0,(anonymous_18)
FNDA:0,(anonymous_19)
FNDA:0,(anonymous_20)
FNDA:0,(anonymous_21)
FNDA:0,(anonymous_22)
FNDA:0,(anonymous_23)
FNDA:0,(anonymous_24)
FNDA:0,(anonymous_25)
FNDA:0,(anonymous_26)
FNDA:0,(anonymous_27)
FNDA:0,(anonymous_28)
DA:6,0
DA:7,0
DA:18,0
DA:19,0
DA:21,0
DA:26,0
DA:27,0
DA:28,0
DA:30,0
DA:35,0
DA:36,0
DA:37,0
DA:39,0
DA:43,0
DA:44,0
DA:45,0
DA:47,0
DA:49,0
DA:51,0
DA:58,0
DA:59,0
DA:60,0
DA:61,0
DA:62,0
DA:63,0
DA:66,0
DA:69,0
DA:70,0
DA:71,0
DA:72,0
DA:74,0
DA:79,0
DA:80,0
DA:82,0
DA:84,0
DA:86,0
DA:93,0
DA:94,0
DA:95,0
DA:96,0
DA:97,0
DA:98,0
DA:102,0
DA:107,0
DA:108,0
DA:110,0
DA:111,0
DA:113,0
DA:115,0
DA:117,0
DA:124,0
DA:125,0
DA:126,0
DA:129,0
DA:130,0
DA:131,0
DA:134,0
DA:135,0
DA:136,0
DA:138,0
DA:143,0
DA:144,0
DA:147,0
DA:148,0
DA:150,0
DA:152,0
DA:154,0
DA:161,0
DA:162,0
DA:163,0
DA:169,0
DA:170,0
DA:171,0
DA:174,0
DA:175,0
DA:181,0
DA:182,0
DA:183,0
DA:184,0
DA:187,0
DA:188,0
DA:194,0
DA:195,0
DA:196,0
DA:197,0
DA:200,0
DA:201,0
DA:204,0
DA:210,0
DA:211,0
DA:212,0
DA:213,0
DA:216,0
DA:217,0
DA:220,0
DA:226,0
DA:227,0
DA:228,0
DA:229,0
DA:232,0
DA:238,0
DA:239,0
DA:240,0
DA:241,0
DA:244,0
DA:245,0
DA:248,0
DA:254,0
DA:255,0
DA:256,0
DA:262,0
DA:267,0
DA:268,0
DA:269,0
DA:270,0
DA:272,0
DA:273,0
DA:276,0
DA:277,0
DA:281,0
DA:284,0
LF:121
LH:0
BRDA:36,0,0,0
BRDA:36,0,1,0
BRDA:62,1,0,0
BRDA:62,1,1,0
BRDA:69,2,0,0
BRDA:69,2,1,0
BRDA:69,3,0,0
BRDA:69,3,1,0
BRDA:71,4,0,0
BRDA:71,4,1,0
BRDA:79,5,0,0
BRDA:79,5,1,0
BRDA:97,6,0,0
BRDA:97,6,1,0
BRDA:125,7,0,0
BRDA:125,7,1,0
BRDA:135,8,0,0
BRDA:135,8,1,0
BRDA:170,9,0,0
BRDA:170,9,1,0
BRDA:170,10,0,0
BRDA:170,10,1,0
BRDA:183,11,0,0
BRDA:183,11,1,0
BRDA:196,12,0,0
BRDA:196,12,1,0
BRDA:200,13,0,0
BRDA:200,13,1,0
BRDA:212,14,0,0
BRDA:212,14,1,0
BRDA:216,15,0,0
BRDA:216,15,1,0
BRDA:228,16,0,0
BRDA:228,16,1,0
BRDA:240,17,0,0
BRDA:240,17,1,0
BRDA:244,18,0,0
BRDA:244,18,1,0
BRDA:255,19,0,0
BRDA:255,19,1,0
BRDA:276,20,0,0
BRDA:276,20,1,0
BRDA:287,21,0,0
BRDA:287,21,1,0
BRF:44
BRH:0
end_of_record
TN:
SF:src\hooks\useTimeGrid.ts
FN:22,useTimeGrid
FN:30,(anonymous_1)
FN:34,(anonymous_2)
FN:54,(anonymous_3)
FN:68,(anonymous_4)
FN:85,(anonymous_5)
FN:108,(anonymous_6)
FN:128,(anonymous_7)
FN:152,(anonymous_8)
FN:154,(anonymous_9)
FN:172,(anonymous_10)
FN:181,(anonymous_11)
FNF:12
FNH:0
FNDA:0,useTimeGrid
FNDA:0,(anonymous_1)
FNDA:0,(anonymous_2)
FNDA:0,(anonymous_3)
FNDA:0,(anonymous_4)
FNDA:0,(anonymous_5)
FNDA:0,(anonymous_6)
FNDA:0,(anonymous_7)
FNDA:0,(anonymous_8)
FNDA:0,(anonymous_9)
FNDA:0,(anonymous_10)
FNDA:0,(anonymous_11)
DA:23,0
DA:30,0
DA:31,0
DA:33,0
DA:34,0
DA:35,0
DA:38,0
DA:46,0
DA:54,0
DA:55,0
DA:56,0
DA:57,0
DA:68,0
DA:75,0
DA:76,0
DA:79,0
DA:80,0
DA:84,0
DA:85,0
DA:88,0
DA:89,0
DA:90,0
DA:93,0
DA:94,0
DA:98,0
DA:108,0
DA:113,0
DA:114,0
DA:115,0
DA:118,0
DA:128,0
DA:133,0
DA:134,0
DA:136,0
DA:137,0
DA:138,0
DA:140,0
DA:141,0
DA:144,0
DA:152,0
DA:153,0
DA:154,0
DA:155,0
DA:156,0
DA:158,0
DA:172,0
DA:173,0
DA:181,0
DA:182,0
DA:185,0
LF:50
LH:0
BRDA:35,0,0,0
BRDA:35,0,1,0
BRDA:55,1,0,0
BRDA:55,1,1,0
BRDA:55,2,0,0
BRDA:55,2,1,0
BRDA:56,3,0,0
BRDA:56,3,1,0
BRDA:75,4,0,0
BRDA:75,4,1,0
BRDA:75,5,0,0
BRDA:75,5,1,0
BRDA:75,5,2,0
BRDA:79,6,0,0
BRDA:79,6,1,0
BRDA:84,7,0,0
BRDA:84,7,1,0
BRDA:93,8,0,0
BRDA:93,8,1,0
BRDA:93,9,0,0
BRDA:93,9,1,0
BRDA:111,10,0,0
BRDA:114,11,0,0
BRDA:114,11,1,0
BRDA:131,12,0,0
BRDA:136,13,0,0
BRDA:136,13,1,0
BRDA:138,14,0,0
BRDA:138,14,1,0
BRF:29
BRH:0
end_of_record
TN:
SF:src\hooks\useTranslation.ts
FN:19,useTranslation
FN:23,(anonymous_1)
FN:54,getTranslation
FNF:3
FNH:0
FNDA:0,useTranslation
FNDA:0,(anonymous_1)
FNDA:0,getTranslation
DA:14,0
DA:20,0
DA:21,0
DA:23,0
DA:24,0
DA:25,0
DA:27,0
DA:28,0
DA:29,0
DA:31,0
DA:32,0
DA:33,0
DA:34,0
DA:35,0
DA:36,0
DA:39,0
DA:43,0
DA:46,0
DA:55,0
DA:56,0
DA:58,0
DA:59,0
DA:60,0
DA:62,0
DA:63,0
DA:64,0
DA:65,0
DA:66,0
DA:69,0
DA:73,0
LF:30
LH:0
BRDA:29,0,0,0
BRDA:29,0,1,0
BRDA:34,1,0,0
BRDA:34,1,1,0
BRDA:43,2,0,0
BRDA:43,2,1,0
BRDA:60,3,0,0
BRDA:60,3,1,0
BRDA:65,4,0,0
BRDA:65,4,1,0
BRDA:73,5,0,0
BRDA:73,5,1,0
BRF:12
BRH:0
end_of_record
TN:
SF:src\hooks\useVoiceRecording.ts
FN:17,useVoiceRecording
FN:25,(anonymous_1)
FN:48,(anonymous_2)
FN:67,(anonymous_3)
FN:84,(anonymous_4)
FN:117,(anonymous_5)
FNF:6
FNH:0
FNDA:0,useVoiceRecording
FNDA:0,(anonymous_1)
FNDA:0,(anonymous_2)
FNDA:0,(anonymous_3)
FNDA:0,(anonymous_4)
FNDA:0,(anonymous_5)
DA:18,0
DA:19,0
DA:20,0
DA:21,0
DA:23,0
DA:25,0
DA:26,0
DA:27,0
DA:28,0
DA:29,0
DA:31,0
DA:32,0
DA:37,0
DA:40,0
DA:42,0
DA:43,0
DA:44,0
DA:48,0
DA:49,0
DA:51,0
DA:52,0
DA:53,0
DA:56,0
DA:59,0
DA:65,0
DA:68,0
DA:69,0
DA:74,0
DA:75,0
DA:76,0
DA:78,0
DA:79,0
DA:80,0
DA:84,0
DA:85,0
DA:86,0
DA:87,0
DA:90,0
DA:91,0
DA:93,0
DA:96,0
DA:100,0
DA:101,0
DA:103,0
DA:104,0
DA:105,0
DA:107,0
DA:109,0
DA:110,0
DA:111,0
DA:112,0
DA:113,0
DA:117,0
DA:118,0
DA:119,0
DA:120,0
DA:123,0
LF:57
LH:0
BRDA:31,0,0,0
BRDA:31,0,1,0
BRDA:52,1,0,0
BRDA:52,1,1,0
BRDA:68,2,0,0
BRDA:68,2,1,0
BRDA:69,3,0,0
BRDA:69,3,1,0
BRDA:85,4,0,0
BRDA:85,4,1,0
BRF:10
BRH:0
end_of_record
TN:
SF:src\utils\responsiveUtils.ts
FN:32,(anonymous_0)
FN:72,(anonymous_1)
FN:79,(anonymous_2)
FN:87,(anonymous_3)
FN:92,(anonymous_4)
FN:104,(anonymous_5)
FN:117,(anonymous_6)
FN:145,(anonymous_7)
FN:149,(anonymous_8)
FN:159,(anonymous_9)
FN:166,(anonymous_10)
FN:173,(anonymous_11)
FN:178,(anonymous_12)
FN:182,(anonymous_13)
FN:187,(anonymous_14)
FN:191,(anonymous_15)
FN:196,(anonymous_16)
FNF:17
FNH:17
FNDA:24,(anonymous_0)
FNDA:10,(anonymous_1)
FNDA:2,(anonymous_2)
FNDA:2,(anonymous_3)
FNDA:2,(anonymous_4)
FNDA:4,(anonymous_5)
FNDA:4,(anonymous_6)
FNDA:4,(anonymous_7)
FNDA:6,(anonymous_8)
FNDA:4,(anonymous_9)
FNDA:3,(anonymous_10)
FNDA:2,(anonymous_11)
FNDA:2,(anonymous_12)
FNDA:1,(anonymous_13)
FNDA:2,(anonymous_14)
FNDA:2,(anonymous_15)
FNDA:3,(anonymous_16)
DA:4,18
DA:5,18
DA:6,18
DA:9,18
DA:22,18
DA:32,18
DA:33,24
DA:34,24
DA:35,24
DA:36,0
DA:37,0
DA:40,0
DA:41,0
DA:45,18
DA:58,18
DA:72,18
DA:73,10
DA:74,10
DA:75,10
DA:79,18
DA:80,2
DA:81,2
DA:82,2
DA:83,2
DA:87,18
DA:88,2
DA:92,18
DA:93,2
DA:94,2
DA:97,2
DA:98,2
DA:100,2
DA:104,18
DA:105,4
DA:106,0
DA:109,4
DA:110,0
DA:113,4
DA:117,18
DA:118,4
DA:126,4
DA:127,0
DA:134,4
DA:135,0
DA:141,4
DA:145,18
DA:146,4
DA:149,18
DA:150,6
DA:151,6
DA:152,6
DA:153,6
DA:154,0
DA:155,0
DA:159,18
DA:160,4
DA:161,4
DA:162,4
DA:166,18
DA:167,3
DA:168,3
DA:169,3
DA:173,18
DA:174,2
DA:178,18
DA:179,2
DA:182,18
DA:183,1
DA:187,18
DA:188,2
DA:191,18
DA:192,2
DA:196,18
DA:204,3
DA:207,3
DA:218,18
LF:76
LH:66
BRDA:33,0,0,24
BRDA:33,0,1,0
BRDA:34,1,0,0
BRDA:34,1,1,24
BRDA:35,2,0,24
BRDA:35,2,1,0
BRDA:36,3,0,0
BRDA:36,3,1,0
BRDA:40,4,0,0
BRDA:40,4,1,0
BRDA:54,5,0,18
BRDA:54,5,1,18
BRDA:87,6,0,1
BRDA:105,7,0,0
BRDA:105,7,1,4
BRDA:109,8,0,0
BRDA:109,8,1,4
BRDA:119,9,0,4
BRDA:119,9,1,0
BRDA:120,10,0,4
BRDA:120,10,1,0
BRDA:120,11,0,4
BRDA:120,11,1,0
BRDA:126,12,0,0
BRDA:126,12,1,4
BRDA:134,13,0,0
BRDA:134,13,1,4
BRDA:150,14,0,0
BRDA:150,14,1,6
BRDA:151,15,0,0
BRDA:151,15,1,6
BRDA:152,16,0,0
BRDA:152,16,1,6
BRDA:153,17,0,6
BRDA:153,17,1,0
BRDA:154,18,0,0
BRDA:154,18,1,0
BRDA:160,19,0,0
BRDA:160,19,1,4
BRDA:160,20,0,0
BRDA:160,20,1,0
BRDA:161,21,0,0
BRDA:161,21,1,4
BRDA:167,22,0,0
BRDA:167,22,1,3
BRDA:168,23,0,0
BRDA:168,23,1,3
BRDA:207,24,0,3
BRDA:207,24,1,2
BRDA:207,24,2,1
BRDA:207,24,3,1
BRDA:207,24,4,1
BRDA:220,25,0,0
BRDA:220,25,1,18
BRDA:220,26,0,0
BRDA:220,26,1,18
BRDA:223,27,0,0
BRDA:223,27,1,18
BRDA:224,28,0,0
BRDA:224,28,1,18
BRDA:227,29,0,0
BRDA:227,29,1,18
BRDA:231,30,0,0
BRDA:231,30,1,18
BRDA:231,31,0,0
BRDA:231,31,1,18
BRDA:234,32,0,0
BRDA:234,32,1,18
BRDA:237,33,0,0
BRDA:237,33,1,18
BRDA:238,34,0,0
BRDA:238,34,1,18
BRF:72
BRH:36
end_of_record
TN:
SF:src\utils\storageManager.ts
FN:14,(anonymous_0)
FN:28,(anonymous_1)
FN:41,(anonymous_2)
FN:54,(anonymous_3)
FN:78,(anonymous_4)
FN:112,(anonymous_5)
FN:137,(anonymous_6)
FN:148,(anonymous_7)
FN:153,(anonymous_8)
FN:161,(anonymous_9)
FN:173,(anonymous_10)
FN:194,(anonymous_11)
FN:223,(anonymous_12)
FN:252,(anonymous_13)
FN:255,(anonymous_14)
FN:260,(anonymous_15)
FN:277,(anonymous_16)
FN:287,(anonymous_17)
FN:299,(anonymous_18)
FN:303,(anonymous_19)
FN:324,(anonymous_20)
FN:366,(anonymous_21)
FNF:22
FNH:14
FNDA:8,(anonymous_0)
FNDA:3,(anonymous_1)
FNDA:2,(anonymous_2)
FNDA:1,(anonymous_3)
FNDA:3,(anonymous_4)
FNDA:3,(anonymous_5)
FNDA:3,(anonymous_6)
FNDA:2,(anonymous_7)
FNDA:1,(anonymous_8)
FNDA:1,(anonymous_9)
FNDA:0,(anonymous_10)
FNDA:1,(anonymous_11)
FNDA:0,(anonymous_12)
FNDA:0,(anonymous_13)
FNDA:0,(anonymous_14)
FNDA:0,(anonymous_15)
FNDA:0,(anonymous_16)
FNDA:0,(anonymous_17)
FNDA:1,(anonymous_18)
FNDA:4,(anonymous_19)
FNDA:0,(anonymous_20)
FNDA:7,(anonymous_21)
DA:10,8
DA:11,8
DA:12,8
DA:15,8
DA:16,8
DA:29,3
DA:30,3
DA:31,49
DA:32,49
DA:33,49
DA:35,3
DA:42,2
DA:43,1
DA:46,1
DA:47,1
DA:48,1
DA:55,1
DA:56,1
DA:59,1
DA:60,1
DA:61,1
DA:63,1
DA:64,0
DA:67,1
DA:68,1
DA:69,1
DA:72,1
DA:79,3
DA:80,3
DA:82,3
DA:83,1
DA:86,2
DA:89,2
DA:90,1
DA:91,1
DA:95,1
DA:96,1
DA:98,1
DA:99,1
DA:102,0
DA:104,0
DA:105,0
DA:113,3
DA:114,3
DA:115,3
DA:122,3
DA:125,3
DA:126,1
DA:129,0
DA:130,0
DA:138,3
DA:140,3
DA:141,1
DA:149,2
DA:150,0
DA:153,2
DA:154,1
DA:156,1
DA:157,1
DA:160,1
DA:162,1
DA:166,1
DA:174,0
DA:175,0
DA:176,0
DA:179,0
DA:180,0
DA:181,0
DA:182,0
DA:186,0
DA:187,0
DA:195,1
DA:196,1
DA:197,1
DA:198,0
DA:201,1
DA:202,1
DA:210,1
DA:211,1
DA:213,1
DA:215,0
DA:216,0
DA:224,0
DA:225,0
DA:226,0
DA:227,0
DA:231,0
DA:234,0
DA:237,0
DA:238,0
DA:239,0
DA:242,0
DA:244,0
DA:245,0
DA:253,0
DA:254,0
DA:255,0
DA:256,0
DA:259,0
DA:261,0
DA:262,0
DA:263,0
DA:270,0
DA:272,0
DA:277,0
DA:279,0
DA:280,0
DA:288,0
DA:289,0
DA:291,0
DA:292,0
DA:300,1
DA:302,1
DA:303,1
DA:304,4
DA:307,1
DA:310,1
DA:311,0
DA:312,0
DA:314,1
DA:316,0
DA:317,0
DA:331,0
DA:332,0
DA:333,0
DA:335,0
DA:336,0
DA:344,0
DA:345,0
DA:353,0
DA:354,0
DA:367,7
DA:368,1
DA:369,1
LF:134
LH:73
BRDA:14,0,0,0
BRDA:42,1,0,1
BRDA:42,1,1,1
BRDA:42,2,0,2
BRDA:42,2,1,1
BRDA:56,3,0,1
BRDA:56,3,1,0
BRDA:63,4,0,0
BRDA:63,4,1,1
BRDA:82,5,0,1
BRDA:82,5,1,2
BRDA:89,6,0,1
BRDA:89,6,1,1
BRDA:95,7,0,1
BRDA:95,7,1,0
BRDA:112,8,0,1
BRDA:119,9,0,2
BRDA:119,9,1,1
BRDA:125,10,0,1
BRDA:125,10,1,2
BRDA:140,11,0,1
BRDA:140,11,1,2
BRDA:149,12,0,0
BRDA:149,12,1,2
BRDA:154,13,0,1
BRDA:154,13,1,0
BRDA:160,14,0,1
BRDA:160,14,1,1
BRDA:174,15,0,0
BRDA:174,15,1,0
BRDA:179,16,0,0
BRDA:179,16,1,0
BRDA:186,17,0,0
BRDA:186,17,1,0
BRDA:197,18,0,0
BRDA:197,18,1,1
BRDA:226,19,0,0
BRDA:226,19,1,0
BRDA:238,20,0,0
BRDA:238,20,1,0
BRDA:256,21,0,0
BRDA:256,21,1,0
BRDA:263,22,0,0
BRDA:263,22,1,0
BRDA:304,23,0,4
BRDA:304,23,1,3
BRDA:310,24,0,0
BRDA:310,24,1,1
BRDA:335,25,0,0
BRDA:335,25,1,0
BRDA:367,26,0,1
BRDA:367,26,1,6
BRF:52
BRH:28
end_of_record
TN:
SF:src\utils\styleUtils.ts
FN:5,(anonymous_0)
FN:81,(anonymous_1)
FN:124,(anonymous_2)
FN:147,(anonymous_3)
FN:216,(anonymous_4)
FN:217,(anonymous_5)
FN:218,(anonymous_6)
FN:219,(anonymous_7)
FN:220,(anonymous_8)
FN:221,(anonymous_9)
FN:222,(anonymous_10)
FN:225,(anonymous_11)
FN:226,(anonymous_12)
FN:227,(anonymous_13)
FN:228,(anonymous_14)
FN:229,(anonymous_15)
FN:230,(anonymous_16)
FN:231,(anonymous_17)
FN:237,(anonymous_18)
FN:238,(anonymous_19)
FN:239,(anonymous_20)
FN:240,(anonymous_21)
FN:241,(anonymous_22)
FN:242,(anonymous_23)
FN:243,(anonymous_24)
FN:244,(anonymous_25)
FN:245,(anonymous_26)
FN:246,(anonymous_27)
FN:247,(anonymous_28)
FN:250,(anonymous_29)
FN:251,(anonymous_30)
FN:254,(anonymous_31)
FN:255,(anonymous_32)
FN:256,(anonymous_33)
FN:259,(anonymous_34)
FN:264,(anonymous_35)
FN:269,(anonymous_36)
FN:270,(anonymous_37)
FN:271,(anonymous_38)
FNF:39
FNH:39
FNDA:9,(anonymous_0)
FNDA:6,(anonymous_1)
FNDA:3,(anonymous_2)
FNDA:9,(anonymous_3)
FNDA:2,(anonymous_4)
FNDA:1,(anonymous_5)
FNDA:1,(anonymous_6)
FNDA:1,(anonymous_7)
FNDA:1,(anonymous_8)
FNDA:1,(anonymous_9)
FNDA:1,(anonymous_10)
FNDA:1,(anonymous_11)
FNDA:1,(anonymous_12)
FNDA:1,(anonymous_13)
FNDA:1,(anonymous_14)
FNDA:1,(anonymous_15)
FNDA:1,(anonymous_16)
FNDA:1,(anonymous_17)
FNDA:3,(anonymous_18)
FNDA:1,(anonymous_19)
FNDA:1,(anonymous_20)
FNDA:1,(anonymous_21)
FNDA:1,(anonymous_22)
FNDA:1,(anonymous_23)
FNDA:1,(anonymous_24)
FNDA:1,(anonymous_25)
FNDA:1,(anonymous_26)
FNDA:1,(anonymous_27)
FNDA:1,(anonymous_28)
FNDA:1,(anonymous_29)
FNDA:1,(anonymous_30)
FNDA:1,(anonymous_31)
FNDA:1,(anonymous_32)
FNDA:1,(anonymous_33)
FNDA:2,(anonymous_34)
FNDA:1,(anonymous_35)
FNDA:2,(anonymous_36)
FNDA:1,(anonymous_37)
FNDA:1,(anonymous_38)
DA:5,1
DA:22,9
DA:24,9
DA:36,1
DA:81,1
DA:106,6
DA:108,6
DA:124,1
DA:135,3
DA:137,3
DA:147,1
DA:158,9
DA:160,9
DA:168,9
DA:187,9
DA:204,9
DA:214,1
DA:216,2
DA:217,1
DA:218,1
DA:219,1
DA:220,1
DA:221,1
DA:222,1
DA:225,1
DA:226,1
DA:227,1
DA:228,1
DA:229,1
DA:230,1
DA:231,1
DA:235,1
DA:237,3
DA:238,1
DA:239,1
DA:240,1
DA:241,1
DA:242,1
DA:243,1
DA:244,1
DA:245,1
DA:246,1
DA:247,1
DA:250,1
DA:251,1
DA:254,1
DA:255,1
DA:256,1
DA:259,2
DA:264,1
DA:268,1
DA:269,2
DA:270,1
DA:271,1
DA:275,1
LF:55
LH:55
BRDA:15,0,0,1
BRDA:16,1,0,1
BRDA:17,2,0,2
BRDA:18,3,0,7
BRDA:19,4,0,7
BRDA:20,5,0,8
BRDA:31,6,0,9
BRDA:31,6,1,1
BRDA:109,7,0,6
BRDA:109,7,1,4
BRDA:110,8,0,6
BRDA:110,8,1,1
BRDA:111,9,0,6
BRDA:111,9,1,1
BRDA:112,10,0,6
BRDA:112,10,1,4
BRDA:113,11,0,6
BRDA:113,11,1,1
BRDA:114,12,0,6
BRDA:114,12,1,1
BRDA:115,13,0,6
BRDA:115,13,1,4
BRDA:116,14,0,6
BRDA:116,14,1,4
BRDA:117,15,0,6
BRDA:117,15,1,4
BRDA:118,16,0,6
BRDA:118,16,1,1
BRDA:119,17,0,6
BRDA:119,17,1,1
BRDA:124,18,0,1
BRDA:131,19,0,2
BRDA:132,20,0,2
BRDA:133,21,0,2
BRDA:134,22,0,2
BRDA:142,23,0,2
BRDA:142,23,1,1
BRDA:147,24,0,1
BRDA:154,25,0,5
BRDA:155,26,0,7
BRDA:156,27,0,8
BRDA:157,28,0,7
BRDA:189,29,0,2
BRDA:189,29,1,7
BRDA:192,30,0,2
BRDA:192,30,1,7
BRDA:197,31,0,2
BRDA:197,31,1,7
BRDA:208,32,0,9
BRDA:208,32,1,1
BRDA:209,33,0,9
BRDA:209,33,1,2
BRDA:237,34,0,1
BRF:53
BRH:53
end_of_record
TN:
SF:src\utils\taskCollision.ts
FN:33,tasksOverlap
FN:47,getOverlappingSlots
FN:73,detectTaskCollision
FN:79,(anonymous_3)
FN:110,findAllCollisions
FN:148,getAvailableSlots
FN:182,suggestOptimalSlots
FN:197,(anonymous_7)
FN:217,(anonymous_8)
FN:226,isWithinBusinessHours
FN:239,calculateTotalScheduledTime
FN:240,(anonymous_11)
FN:248,getScheduleDensity
FNF:13
FNH:13
FNDA:316,tasksOverlap
FNDA:79,getOverlappingSlots
FNDA:132,detectTaskCollision
FNDA:3,(anonymous_3)
FNDA:2,findAllCollisions
FNDA:6,getAvailableSlots
FNDA:3,suggestOptimalSlots
FNDA:36,(anonymous_7)
FNDA:72,(anonymous_8)
FNDA:7,isWithinBusinessHours
FNDA:6,calculateTotalScheduledTime
FNDA:12,(anonymous_11)
FNDA:4,getScheduleDensity
DA:34,316
DA:35,316
DA:38,316
DA:48,79
DA:49,1
DA:52,78
DA:53,78
DA:58,78
DA:59,78
DA:60,87
DA:63,78
DA:78,132
DA:79,3
DA:82,132
DA:83,132
DA:85,132
DA:86,219
DA:87,73
DA:89,73
DA:90,73
DA:98,132
DA:119,2
DA:121,2
DA:122,7
DA:123,9
DA:124,9
DA:126,9
DA:127,2
DA:128,2
DA:137,2
DA:154,6
DA:156,6
DA:157,128
DA:166,128
DA:167,128
DA:168,58
DA:172,6
DA:187,3
DA:189,3
DA:191,2
DA:197,3
DA:198,36
DA:201,36
DA:202,54
DA:203,54
DA:204,54
DA:206,54
DA:207,11
DA:208,11
DA:209,11
DA:213,36
DA:217,72
DA:230,7
DA:231,7
DA:240,12
DA:255,4
DA:262,4
DA:263,9
DA:265,9
DA:266,36
DA:267,36
DA:269,36
DA:270,13
DA:275,4
LF:64
LH:64
BRDA:38,0,0,316
BRDA:38,0,1,226
BRDA:48,1,0,1
BRDA:48,1,1,78
BRDA:78,2,0,1
BRDA:78,2,1,131
BRDA:86,3,0,73
BRDA:86,3,1,146
BRDA:126,4,0,2
BRDA:126,4,1,7
BRDA:151,5,0,5
BRDA:152,6,0,5
BRDA:167,7,0,58
BRDA:167,7,1,70
BRDA:185,8,0,2
BRDA:189,9,0,2
BRDA:189,9,1,1
BRDA:206,10,0,11
BRDA:206,10,1,43
BRDA:228,11,0,6
BRDA:231,12,0,7
BRDA:231,12,1,6
BRDA:269,13,0,13
BRDA:269,13,1,23
BRF:24
BRH:24
end_of_record
TN:
SF:src\utils\validation.ts
FN:27,createValidationError
FN:37,validateTask
FN:112,validateUser
FN:155,validateAppState
FN:163,(anonymous_4)
FN:166,(anonymous_5)
FN:209,(anonymous_6)
FN:238,sanitizeTask
FN:273,sanitizeUser
FN:296,isValidHexColor
FN:305,isValidTimeSlot
FN:314,isValidDuration
FN:323,isTask
FN:333,isUser
FN:343,isAppState
FNF:15
FNH:14
FNDA:50,createValidationError
FNDA:28,validateTask
FNDA:13,validateUser
FNDA:15,validateAppState
FNDA:1,(anonymous_4)
FNDA:3,(anonymous_5)
FNDA:0,(anonymous_6)
FNDA:3,sanitizeTask
FNDA:2,sanitizeUser
FNDA:10,isValidHexColor
FNDA:8,isValidTimeSlot
FNDA:9,isValidDuration
FNDA:3,isTask
FNDA:3,isUser
FNDA:3,isAppState
DA:28,50
DA:38,28
DA:41,28
DA:42,25
DA:43,4
DA:48,27
DA:49,2
DA:50,25
DA:51,1
DA:52,24
DA:53,1
DA:54,23
DA:55,1
DA:59,27
DA:60,2
DA:61,25
DA:62,0
DA:63,25
DA:64,3
DA:68,27
DA:69,2
DA:70,25
DA:71,0
DA:72,25
DA:73,2
DA:74,23
DA:75,1
DA:79,27
DA:84,4
DA:88,27
DA:89,0
DA:93,27
DA:94,2
DA:95,25
DA:96,0
DA:97,25
DA:98,4
DA:101,27
DA:113,13
DA:116,13
DA:117,2
DA:118,10
DA:119,0
DA:120,10
DA:121,0
DA:125,12
DA:126,2
DA:127,10
DA:128,0
DA:129,10
DA:130,0
DA:131,10
DA:132,1
DA:136,12
DA:137,2
DA:138,10
DA:139,0
DA:140,10
DA:141,5
DA:144,12
DA:156,15
DA:159,15
DA:160,14
DA:161,2
DA:163,12
DA:164,1
DA:165,1
DA:166,1
DA:167,3
DA:178,14
DA:179,0
DA:183,14
DA:184,12
DA:185,0
DA:186,12
DA:187,0
DA:192,14
DA:193,12
DA:194,2
DA:195,10
DA:196,1
DA:201,14
DA:202,0
DA:206,14
DA:207,0
DA:208,0
DA:209,0
DA:210,0
DA:219,14
DA:220,12
DA:221,1
DA:222,11
DA:223,3
DA:227,14
DA:239,3
DA:241,3
DA:242,0
DA:245,3
DA:246,2
DA:249,3
DA:250,1
DA:253,3
DA:254,1
DA:257,3
DA:258,1
DA:261,3
DA:262,1
DA:265,3
DA:274,2
DA:276,2
DA:277,1
DA:280,2
DA:281,2
DA:284,2
DA:285,1
DA:288,2
DA:297,10
DA:306,8
DA:315,9
DA:324,3
DA:325,2
DA:334,3
DA:335,2
DA:344,3
DA:345,2
LF:125
LH:107
BRDA:37,0,0,28
BRDA:41,1,0,25
BRDA:41,1,1,2
BRDA:42,2,0,4
BRDA:42,2,1,21
BRDA:42,3,0,25
BRDA:42,3,1,23
BRDA:48,4,0,2
BRDA:48,4,1,25
BRDA:48,5,0,27
BRDA:48,5,1,25
BRDA:50,6,0,1
BRDA:50,6,1,24
BRDA:52,7,0,1
BRDA:52,7,1,23
BRDA:54,8,0,1
BRDA:54,8,1,22
BRDA:59,9,0,2
BRDA:59,9,1,25
BRDA:59,10,0,27
BRDA:59,10,1,25
BRDA:61,11,0,0
BRDA:61,11,1,25
BRDA:63,12,0,3
BRDA:63,12,1,22
BRDA:63,13,0,25
BRDA:63,13,1,24
BRDA:68,14,0,2
BRDA:68,14,1,25
BRDA:68,15,0,27
BRDA:68,15,1,25
BRDA:70,16,0,0
BRDA:70,16,1,25
BRDA:72,17,0,2
BRDA:72,17,1,23
BRDA:74,18,0,1
BRDA:74,18,1,22
BRDA:79,19,0,4
BRDA:79,19,1,23
BRDA:80,20,0,27
BRDA:80,20,1,25
BRDA:80,20,2,25
BRDA:88,21,0,0
BRDA:88,21,1,27
BRDA:88,22,0,27
BRDA:88,22,1,25
BRDA:93,23,0,2
BRDA:93,23,1,25
BRDA:93,24,0,27
BRDA:93,24,1,25
BRDA:95,25,0,0
BRDA:95,25,1,25
BRDA:97,26,0,4
BRDA:97,26,1,21
BRDA:116,27,0,2
BRDA:116,27,1,10
BRDA:116,28,0,13
BRDA:116,28,1,10
BRDA:118,29,0,0
BRDA:118,29,1,10
BRDA:120,30,0,0
BRDA:120,30,1,10
BRDA:125,31,0,2
BRDA:125,31,1,10
BRDA:125,32,0,12
BRDA:125,32,1,10
BRDA:127,33,0,0
BRDA:127,33,1,10
BRDA:129,34,0,0
BRDA:129,34,1,10
BRDA:131,35,0,1
BRDA:131,35,1,9
BRDA:136,36,0,2
BRDA:136,36,1,10
BRDA:136,37,0,12
BRDA:136,37,1,10
BRDA:138,38,0,0
BRDA:138,38,1,10
BRDA:140,39,0,5
BRDA:140,39,1,5
BRDA:159,40,0,14
BRDA:159,40,1,0
BRDA:160,41,0,2
BRDA:160,41,1,12
BRDA:165,42,0,1
BRDA:165,42,1,0
BRDA:178,43,0,0
BRDA:178,43,1,14
BRDA:178,44,0,14
BRDA:178,44,1,12
BRDA:183,45,0,12
BRDA:183,45,1,2
BRDA:184,46,0,0
BRDA:184,46,1,12
BRDA:186,47,0,0
BRDA:186,47,1,12
BRDA:192,48,0,12
BRDA:192,48,1,2
BRDA:193,49,0,2
BRDA:193,49,1,10
BRDA:195,50,0,1
BRDA:195,50,1,9
BRDA:201,51,0,0
BRDA:201,51,1,14
BRDA:201,52,0,14
BRDA:201,52,1,13
BRDA:206,53,0,0
BRDA:206,53,1,14
BRDA:206,54,0,14
BRDA:206,54,1,0
BRDA:208,55,0,0
BRDA:208,55,1,0
BRDA:219,56,0,12
BRDA:219,56,1,2
BRDA:220,57,0,1
BRDA:220,57,1,11
BRDA:222,58,0,3
BRDA:222,58,1,8
BRDA:241,59,0,0
BRDA:241,59,1,3
BRDA:241,60,0,3
BRDA:241,60,1,1
BRDA:241,60,2,0
BRDA:245,61,0,2
BRDA:245,61,1,1
BRDA:249,62,0,1
BRDA:249,62,1,2
BRDA:249,63,0,3
BRDA:249,63,1,1
BRDA:253,64,0,1
BRDA:253,64,1,2
BRDA:253,65,0,3
BRDA:253,65,1,1
BRDA:257,66,0,1
BRDA:257,66,1,2
BRDA:261,67,0,1
BRDA:261,67,1,2
BRDA:261,68,0,3
BRDA:261,68,1,2
BRDA:276,69,0,1
BRDA:276,69,1,1
BRDA:280,70,0,2
BRDA:280,70,1,0
BRDA:284,71,0,1
BRDA:284,71,1,1
BRDA:297,72,0,10
BRDA:297,72,1,8
BRDA:306,73,0,8
BRDA:306,73,1,6
BRDA:306,73,2,5
BRDA:306,73,3,4
BRDA:315,74,0,9
BRDA:315,74,1,7
BRDA:315,74,2,6
BRDA:315,74,3,4
BRF:155
BRH:133
end_of_record
